Using pre-set license
Built from '2020.3/release' branch; Version is '2020.3.2f1 (8fd9074bf66c) revision 9427207'; Using compiler version '192528614'; Build Type 'Release'
OS: 'Windows 10 Home Single Language; OS build 19042.928; Version 2009; 64bit' Language: 'pt' Physical Memory: 8066 MB
BatchMode: 1, IsHumanControllingUs: 0, StartBugReporterOnCrash: 0, Is64bit: 1, IsPro: 0

 COMMAND LINE ARGUMENTS:
C:\Program Files\Unity\Hub\Editor\2020.3.2f1\Editor\Unity.exe
-adb2
-batchMode
-noUpm
-name
AssetImportWorker0
-projectPath
C:/Users/Maria Luize/Downloads/bloco 8/CompGrafica_ProcessImagem/Projeto_3DGame_versao4
-logFile
Logs/AssetImportWorker0.log
-srvPort
62689
Successfully changed project path to: C:/Users/Maria Luize/Downloads/bloco 8/CompGrafica_ProcessImagem/Projeto_3DGame_versao4
C:/Users/Maria Luize/Downloads/bloco 8/CompGrafica_ProcessImagem/Projeto_3DGame_versao4
Using Asset Import Pipeline V2.
Refreshing native plugins compatible for Editor in 66.75 ms, found 0 plugins.
Preloading 0 native plugins for Editor in 0.00 ms.
Initialize engine version: 2020.3.2f1 (8fd9074bf66c)
[Subsystems] Discovering subsystems at path C:/Program Files/Unity/Hub/Editor/2020.3.2f1/Editor/Data/Resources/UnitySubsystems
[Subsystems] Discovering subsystems at path C:/Users/Maria Luize/Downloads/bloco 8/CompGrafica_ProcessImagem/Projeto_3DGame_versao4/Assets
GfxDevice: creating device client; threaded=0
Direct3D:
    Version:  Direct3D 11.0 [level 11.1]
    Renderer: Intel(R) HD Graphics 520 (ID=0x1921)
    Vendor:   
    VRAM:     4033 MB
    Driver:   27.20.100.8681
Initialize mono
Mono path[0] = 'C:/Program Files/Unity/Hub/Editor/2020.3.2f1/Editor/Data/Managed'
Mono path[1] = 'C:/Program Files/Unity/Hub/Editor/2020.3.2f1/Editor/Data/MonoBleedingEdge/lib/mono/unityjit'
Mono config path = 'C:/Program Files/Unity/Hub/Editor/2020.3.2f1/Editor/Data/MonoBleedingEdge/etc'
Using monoOptions --debugger-agent=transport=dt_socket,embedding=1,server=y,suspend=n,address=127.0.0.1:56724
Begin MonoManager ReloadAssembly
Registering precompiled unity dll's ...
Register platform support module: C:/Program Files/Unity/Hub/Editor/2020.3.2f1/Editor/Data/PlaybackEngines/WindowsStandaloneSupport/UnityEditor.WindowsStandalone.Extensions.dll
Registered in 0.006276 seconds.
Native extension for WindowsStandalone target not found
Refreshing native plugins compatible for Editor in 68.13 ms, found 0 plugins.
Preloading 0 native plugins for Editor in 0.00 ms.
Invoked RoslynAnalysisRunner static constructor.
RoslynAnalysisRunner will not be running.
RoslynAnalysisRunner has terminated.
Mono: successfully reloaded assembly
- Completed reload, in  3.580 seconds
Platform modules already initialized, skipping
Registering precompiled user dll's ...
Registered in 0.001947 seconds.
Begin MonoManager ReloadAssembly
Native extension for WindowsStandalone target not found
Refreshing native plugins compatible for Editor in 0.37 ms, found 0 plugins.
Preloading 0 native plugins for Editor in 0.00 ms.
Invoked RoslynAnalysisRunner static constructor.
RoslynAnalysisRunner will not be running.
RoslynAnalysisRunner has terminated.
Mono: successfully reloaded assembly
- Completed reload, in  3.818 seconds
Platform modules already initialized, skipping
========================================================================
Worker process is ready to serve import requests
Launched and connected shader compiler UnityShaderCompiler.exe after 0.20 seconds
Refreshing native plugins compatible for Editor in 0.50 ms, found 0 plugins.
Preloading 0 native plugins for Editor in 0.00 ms.
Unloading 1127 Unused Serialized files (Serialized files now loaded: 0)
System memory in use before: 59.2 MB.
System memory in use after: 59.2 MB.

Unloading 10 unused Assets to reduce memory usage. Loaded Objects now: 1577.
Total: 6.750800 ms (FindLiveObjects: 1.078300 ms CreateObjectMapping: 0.500800 ms MarkObjects: 4.959000 ms  DeleteObjects: 0.209100 ms)

========================================================================
Received Import Request.
  path: Assets/Scripts/Player.cs
  artifactKey: Guid(0a6420896330e2dea802885ba158c31c) Importer(815301076,1909f56bfc062723c751e8b465ee728b)
Start importing Assets/Scripts/Player.cs using Guid(0a6420896330e2dea802885ba158c31c) Importer(815301076,1909f56bfc062723c751e8b465ee728b)  -> (artifact id: '58b4b8d317f995ef971887b9698adbac') in 0.169331 seconds
  Import took 0.176325 seconds .

========================================================================
Received Import Request.
  Time since last request: 443.510465 seconds.
  path: Assets/Prefabs/Cube.prefab
  artifactKey: Guid(21a109bb4bb48244d8113453462871af) Importer(815301076,1909f56bfc062723c751e8b465ee728b)
Start importing Assets/Prefabs/Cube.prefab using Guid(21a109bb4bb48244d8113453462871af) Importer(815301076,1909f56bfc062723c751e8b465ee728b)  -> (artifact id: '49369442c67db7e469a31897ce3eaf5b') in 0.310672 seconds
  Import took 0.319031 seconds .

========================================================================
Received Import Request.
  Time since last request: 0.000548 seconds.
  path: Assets/Prefabs/Water.prefab
  artifactKey: Guid(76af3aa39ee292e4188ff11760442469) Importer(815301076,1909f56bfc062723c751e8b465ee728b)
Start importing Assets/Prefabs/Water.prefab using Guid(76af3aa39ee292e4188ff11760442469) Importer(815301076,1909f56bfc062723c751e8b465ee728b)  -> (artifact id: 'a14f91d99a5139fce22ce8b5634892a1') in 0.055204 seconds
  Import took 0.063377 seconds .

========================================================================
Received Import Request.
  Time since last request: 0.000760 seconds.
  path: Assets/Prefabs/Wave.prefab
  artifactKey: Guid(58c25a420e6882147886b21744a277c7) Importer(815301076,1909f56bfc062723c751e8b465ee728b)
Start importing Assets/Prefabs/Wave.prefab using Guid(58c25a420e6882147886b21744a277c7) Importer(815301076,1909f56bfc062723c751e8b465ee728b)  -> (artifact id: '25cbc8c15a6c5617129b28590c4fd362') in 0.089396 seconds
  Import took 0.097541 seconds .

========================================================================
Received Import Request.
  Time since last request: 0.000430 seconds.
  path: Assets/Prefabs/GroundTile.prefab
  artifactKey: Guid(0f9ff2a19f0dde04cbe969cb0d7f0540) Importer(815301076,1909f56bfc062723c751e8b465ee728b)
Start importing Assets/Prefabs/GroundTile.prefab using Guid(0f9ff2a19f0dde04cbe969cb0d7f0540) Importer(815301076,1909f56bfc062723c751e8b465ee728b)  -> (artifact id: '60fd5d619052e9926aecb665ab16bfdb') in 0.043846 seconds
  Import took 0.055132 seconds .

========================================================================
Received Import Request.
  Time since last request: 0.000598 seconds.
  path: Assets/Prefabs/GroundTeste.prefab
  artifactKey: Guid(1731ae0548ad2ba458c572ab6df7b58c) Importer(815301076,1909f56bfc062723c751e8b465ee728b)
Start importing Assets/Prefabs/GroundTeste.prefab using Guid(1731ae0548ad2ba458c572ab6df7b58c) Importer(815301076,1909f56bfc062723c751e8b465ee728b)  -> (artifact id: '092064b259f51b51e4932c5495e328ae') in 0.046075 seconds
  Import took 0.053527 seconds .

========================================================================
Received Import Request.
  Time since last request: 0.000420 seconds.
  path: Assets/Prefabs/WheyProtein.prefab
  artifactKey: Guid(b1a422cf7528f4a4c8bdb66a38f877fb) Importer(815301076,1909f56bfc062723c751e8b465ee728b)
Start importing Assets/Prefabs/WheyProtein.prefab using Guid(b1a422cf7528f4a4c8bdb66a38f877fb) Importer(815301076,1909f56bfc062723c751e8b465ee728b)  -> (artifact id: 'a1d391da74283d9526e5b16cb2f32847') in 0.031668 seconds
  Import took 0.037722 seconds .

========================================================================
Received Import Request.
  Time since last request: 0.000745 seconds.
  path: Assets/Prefabs/HurdleObstacle Variant.prefab
  artifactKey: Guid(9b3d4694cbb8dc2439fb07584921cf7f) Importer(815301076,1909f56bfc062723c751e8b465ee728b)
Start importing Assets/Prefabs/HurdleObstacle Variant.prefab using Guid(9b3d4694cbb8dc2439fb07584921cf7f) Importer(815301076,1909f56bfc062723c751e8b465ee728b)  -> (artifact id: '71542aa393e44742179763cdc52aa879') in 0.043367 seconds
  Import took 0.071843 seconds .

========================================================================
Received Import Request.
  Time since last request: 16.940621 seconds.
  path: ProjectSettings/TagManager.asset
  artifactKey: Guid(00000000000000003000000000000000) Importer(815301076,1909f56bfc062723c751e8b465ee728b)
Start importing ProjectSettings/TagManager.asset using Guid(00000000000000003000000000000000) Importer(815301076,1909f56bfc062723c751e8b465ee728b)  -> (artifact id: '5187126b315f9ff4c3edc45da8f2c6de') in 0.021344 seconds
  Import took 0.027523 seconds .

========================================================================
Received Import Request.
  Time since last request: 0.002042 seconds.
  path: ProjectSettings/TagManager.asset
  artifactKey: Guid(00000000000000003000000000000000) Importer(815301076,1909f56bfc062723c751e8b465ee728b)
Start importing ProjectSettings/TagManager.asset using Guid(00000000000000003000000000000000) Importer(815301076,1909f56bfc062723c751e8b465ee728b)  -> (artifact id: '5187126b315f9ff4c3edc45da8f2c6de') in 0.016634 seconds
  Import took 0.032556 seconds .

========================================================================
Received Import Request.
  Time since last request: 42.633559 seconds.
  path: Assets/Prefabs/GroundTeste.prefab
  artifactKey: Guid(1731ae0548ad2ba458c572ab6df7b58c) Importer(815301076,1909f56bfc062723c751e8b465ee728b)
Start importing Assets/Prefabs/GroundTeste.prefab using Guid(1731ae0548ad2ba458c572ab6df7b58c) Importer(815301076,1909f56bfc062723c751e8b465ee728b)  -> (artifact id: '1e808c32d092022a64e11d1297a884a6') in 0.072332 seconds
  Import took 0.087239 seconds .

========================================================================
Received Prepare
Registering precompiled user dll's ...
Registered in 0.001246 seconds.
Begin MonoManager ReloadAssembly
Native extension for WindowsStandalone target not found
Refreshing native plugins compatible for Editor in 0.45 ms, found 0 plugins.
Preloading 0 native plugins for Editor in 0.00 ms.
Invoked RoslynAnalysisRunner static constructor.
RoslynAnalysisRunner will not be running.
RoslynAnalysisRunner has terminated.
Mono: successfully reloaded assembly
- Completed reload, in  1.873 seconds
Platform modules already initialized, skipping
Refreshing native plugins compatible for Editor in 0.60 ms, found 0 plugins.
Preloading 0 native plugins for Editor in 0.00 ms.
Unloading 1122 Unused Serialized files (Serialized files now loaded: 0)
System memory in use before: 62.3 MB.
System memory in use after: 62.4 MB.

Unloading 8 unused Assets to reduce memory usage. Loaded Objects now: 1590.
Total: 4.164100 ms (FindLiveObjects: 0.335700 ms CreateObjectMapping: 0.108600 ms MarkObjects: 3.588700 ms  DeleteObjects: 0.128200 ms)

========================================================================
Received Import Request.
  Time since last request: 185.699147 seconds.
  path: Assets/Scripts/Player.cs
  artifactKey: Guid(0a6420896330e2dea802885ba158c31c) Importer(815301076,1909f56bfc062723c751e8b465ee728b)
Start importing Assets/Scripts/Player.cs using Guid(0a6420896330e2dea802885ba158c31c) Importer(815301076,1909f56bfc062723c751e8b465ee728b)  -> (artifact id: '8ff6ae6dadff455a28d4659f21205d17') in 0.011681 seconds
  Import took 0.020162 seconds .

========================================================================
Received Import Request.
  Time since last request: 0.002352 seconds.
  path: Assets/Scripts/Player.cs
  artifactKey: Guid(0a6420896330e2dea802885ba158c31c) Importer(815301076,1909f56bfc062723c751e8b465ee728b)
Start importing Assets/Scripts/Player.cs using Guid(0a6420896330e2dea802885ba158c31c) Importer(815301076,1909f56bfc062723c751e8b465ee728b)  -> (artifact id: '8ff6ae6dadff455a28d4659f21205d17') in 0.007419 seconds
  Import took 0.012581 seconds .

========================================================================
Received Prepare
Registering precompiled user dll's ...
Registered in 0.001876 seconds.
Begin MonoManager ReloadAssembly
Native extension for WindowsStandalone target not found
Refreshing native plugins compatible for Editor in 0.39 ms, found 0 plugins.
Preloading 0 native plugins for Editor in 0.00 ms.
Invoked RoslynAnalysisRunner static constructor.
RoslynAnalysisRunner will not be running.
RoslynAnalysisRunner has terminated.
Mono: successfully reloaded assembly
- Completed reload, in  1.737 seconds
Platform modules already initialized, skipping
Refreshing native plugins compatible for Editor in 0.38 ms, found 0 plugins.
Preloading 0 native plugins for Editor in 0.00 ms.
Unloading 1122 Unused Serialized files (Serialized files now loaded: 0)
System memory in use before: 62.3 MB.
System memory in use after: 62.4 MB.

Unloading 5 unused Assets to reduce memory usage. Loaded Objects now: 1593.
Total: 4.771100 ms (FindLiveObjects: 0.727700 ms CreateObjectMapping: 0.281300 ms MarkObjects: 3.640800 ms  DeleteObjects: 0.118500 ms)

========================================================================
Received Import Request.
  Time since last request: 39.809602 seconds.
  path: Assets/Scripts/Player.cs
  artifactKey: Guid(0a6420896330e2dea802885ba158c31c) Importer(815301076,1909f56bfc062723c751e8b465ee728b)
Start importing Assets/Scripts/Player.cs using Guid(0a6420896330e2dea802885ba158c31c) Importer(815301076,1909f56bfc062723c751e8b465ee728b)  -> (artifact id: '8c076052c52abdd7453df681d748d51c') in 0.008979 seconds
  Import took 0.014207 seconds .

========================================================================
Received Prepare
Registering precompiled user dll's ...
Registered in 0.001798 seconds.
Begin MonoManager ReloadAssembly
Native extension for WindowsStandalone target not found
Refreshing native plugins compatible for Editor in 0.37 ms, found 0 plugins.
Preloading 0 native plugins for Editor in 0.00 ms.
Invoked RoslynAnalysisRunner static constructor.
RoslynAnalysisRunner will not be running.
RoslynAnalysisRunner has terminated.
Mono: successfully reloaded assembly
- Completed reload, in  1.744 seconds
Platform modules already initialized, skipping
Refreshing native plugins compatible for Editor in 0.47 ms, found 0 plugins.
Preloading 0 native plugins for Editor in 0.00 ms.
Unloading 1122 Unused Serialized files (Serialized files now loaded: 0)
System memory in use before: 62.3 MB.
System memory in use after: 62.4 MB.

Unloading 5 unused Assets to reduce memory usage. Loaded Objects now: 1596.
Total: 3.982300 ms (FindLiveObjects: 0.286400 ms CreateObjectMapping: 0.112900 ms MarkObjects: 3.490600 ms  DeleteObjects: 0.090300 ms)

========================================================================
Received Import Request.
  Time since last request: 49.682975 seconds.
  path: Assets/Scripts/Player.cs
  artifactKey: Guid(0a6420896330e2dea802885ba158c31c) Importer(815301076,1909f56bfc062723c751e8b465ee728b)
Start importing Assets/Scripts/Player.cs using Guid(0a6420896330e2dea802885ba158c31c) Importer(815301076,1909f56bfc062723c751e8b465ee728b)  -> (artifact id: 'ce356c3dfa46fb3bd1e18be8f3dbeea3') in 0.007979 seconds
  Import took 0.012571 seconds .

========================================================================
Received Import Request.
  Time since last request: 2.591850 seconds.
  path: Assets/Scripts/Player.cs
  artifactKey: Guid(0a6420896330e2dea802885ba158c31c) Importer(815301076,1909f56bfc062723c751e8b465ee728b)
Start importing Assets/Scripts/Player.cs using Guid(0a6420896330e2dea802885ba158c31c) Importer(815301076,1909f56bfc062723c751e8b465ee728b)  -> (artifact id: 'ce356c3dfa46fb3bd1e18be8f3dbeea3') in 0.004474 seconds
  Import took 0.008516 seconds .

========================================================================
Received Prepare
Registering precompiled user dll's ...
Registered in 0.001551 seconds.
Begin MonoManager ReloadAssembly
Native extension for WindowsStandalone target not found
Refreshing native plugins compatible for Editor in 1.05 ms, found 0 plugins.
Preloading 0 native plugins for Editor in 0.00 ms.
Invoked RoslynAnalysisRunner static constructor.
RoslynAnalysisRunner will not be running.
RoslynAnalysisRunner has terminated.
Mono: successfully reloaded assembly
- Completed reload, in  1.972 seconds
Platform modules already initialized, skipping
Refreshing native plugins compatible for Editor in 0.50 ms, found 0 plugins.
Preloading 0 native plugins for Editor in 0.00 ms.
Unloading 1122 Unused Serialized files (Serialized files now loaded: 0)
System memory in use before: 62.3 MB.
System memory in use after: 62.4 MB.

Unloading 5 unused Assets to reduce memory usage. Loaded Objects now: 1599.
Total: 4.310000 ms (FindLiveObjects: 0.308800 ms CreateObjectMapping: 0.125800 ms MarkObjects: 3.736100 ms  DeleteObjects: 0.135800 ms)

========================================================================
Received Prepare
Registering precompiled user dll's ...
Registered in 0.001220 seconds.
Begin MonoManager ReloadAssembly
Native extension for WindowsStandalone target not found
Refreshing native plugins compatible for Editor in 0.29 ms, found 0 plugins.
Preloading 0 native plugins for Editor in 0.00 ms.
Invoked RoslynAnalysisRunner static constructor.
RoslynAnalysisRunner will not be running.
RoslynAnalysisRunner has terminated.
Mono: successfully reloaded assembly
- Completed reload, in  1.494 seconds
Platform modules already initialized, skipping
Refreshing native plugins compatible for Editor in 0.48 ms, found 0 plugins.
Preloading 0 native plugins for Editor in 0.00 ms.
Unloading 1122 Unused Serialized files (Serialized files now loaded: 0)
System memory in use before: 62.3 MB.
System memory in use after: 62.4 MB.

Unloading 5 unused Assets to reduce memory usage. Loaded Objects now: 1602.
Total: 4.051900 ms (FindLiveObjects: 0.308200 ms CreateObjectMapping: 0.091600 ms MarkObjects: 3.540200 ms  DeleteObjects: 0.109700 ms)

========================================================================
Received Prepare
Registering precompiled user dll's ...
Registered in 0.001695 seconds.
Begin MonoManager ReloadAssembly
Native extension for WindowsStandalone target not found
Refreshing native plugins compatible for Editor in 0.41 ms, found 0 plugins.
Preloading 0 native plugins for Editor in 0.00 ms.
Invoked RoslynAnalysisRunner static constructor.
RoslynAnalysisRunner will not be running.
RoslynAnalysisRunner has terminated.
Mono: successfully reloaded assembly
- Completed reload, in  2.377 seconds
Platform modules already initialized, skipping
Refreshing native plugins compatible for Editor in 0.50 ms, found 0 plugins.
Preloading 0 native plugins for Editor in 0.00 ms.
Unloading 1122 Unused Serialized files (Serialized files now loaded: 0)
System memory in use before: 62.3 MB.
System memory in use after: 62.4 MB.

Unloading 5 unused Assets to reduce memory usage. Loaded Objects now: 1605.
Total: 5.248500 ms (FindLiveObjects: 0.280400 ms CreateObjectMapping: 0.662100 ms MarkObjects: 4.205300 ms  DeleteObjects: 0.098000 ms)

========================================================================
Received Prepare
Registering precompiled user dll's ...
Registered in 0.001206 seconds.
Begin MonoManager ReloadAssembly
Native extension for WindowsStandalone target not found
Refreshing native plugins compatible for Editor in 0.39 ms, found 0 plugins.
Preloading 0 native plugins for Editor in 0.00 ms.
Invoked RoslynAnalysisRunner static constructor.
RoslynAnalysisRunner will not be running.
RoslynAnalysisRunner has terminated.
Mono: successfully reloaded assembly
- Completed reload, in  1.775 seconds
Platform modules already initialized, skipping
Refreshing native plugins compatible for Editor in 0.37 ms, found 0 plugins.
Preloading 0 native plugins for Editor in 0.00 ms.
Unloading 1122 Unused Serialized files (Serialized files now loaded: 0)
System memory in use before: 62.3 MB.
System memory in use after: 62.4 MB.

Unloading 5 unused Assets to reduce memory usage. Loaded Objects now: 1608.
Total: 3.365100 ms (FindLiveObjects: 0.239600 ms CreateObjectMapping: 0.137300 ms MarkObjects: 2.857100 ms  DeleteObjects: 0.128800 ms)

========================================================================
Received Prepare
Registering precompiled user dll's ...
Registered in 0.001810 seconds.
Begin MonoManager ReloadAssembly
Native extension for WindowsStandalone target not found
Refreshing native plugins compatible for Editor in 1.87 ms, found 0 plugins.
Preloading 0 native plugins for Editor in 0.00 ms.
Invoked RoslynAnalysisRunner static constructor.
RoslynAnalysisRunner will not be running.
RoslynAnalysisRunner has terminated.
Mono: successfully reloaded assembly
- Completed reload, in  1.983 seconds
Platform modules already initialized, skipping
Refreshing native plugins compatible for Editor in 0.64 ms, found 0 plugins.
Preloading 0 native plugins for Editor in 0.00 ms.
Unloading 1122 Unused Serialized files (Serialized files now loaded: 0)
System memory in use before: 62.4 MB.
System memory in use after: 62.4 MB.

Unloading 5 unused Assets to reduce memory usage. Loaded Objects now: 1611.
Total: 3.038300 ms (FindLiveObjects: 0.302800 ms CreateObjectMapping: 0.068400 ms MarkObjects: 2.542200 ms  DeleteObjects: 0.122400 ms)

========================================================================
Received Import Request.
  Time since last request: 528.245139 seconds.
  path: Assets/GrassRoadRace/Wave.FBX
  artifactKey: Guid(3279ffff6a1ad3d4c8fdb040401e0f30) Importer(815301076,1909f56bfc062723c751e8b465ee728b)
Start importing Assets/GrassRoadRace/Wave.FBX using Guid(3279ffff6a1ad3d4c8fdb040401e0f30) Importer(815301076,1909f56bfc062723c751e8b465ee728b)  -> (artifact id: 'da18eccdabc7baec7967507e03832508') in 0.384320 seconds
  Import took 0.392323 seconds .

========================================================================
Received Import Request.
  Time since last request: 219.486058 seconds.
  path: Assets/GrassRoadRace/Prefab
  artifactKey: Guid(4dd7c10c576d4ba4cbfb452f38b42ccd) Importer(815301076,1909f56bfc062723c751e8b465ee728b)
Start importing Assets/GrassRoadRace/Prefab using Guid(4dd7c10c576d4ba4cbfb452f38b42ccd) Importer(815301076,1909f56bfc062723c751e8b465ee728b)  -> (artifact id: 'cbb2727b05be2b5ad2b6ad114c7aee54') in 0.023764 seconds
  Import took 0.029608 seconds .

========================================================================
Received Import Request.
  Time since last request: 0.054672 seconds.
  path: Assets/GrassRoadRace/Prefab/Bridge_Large.prefab
  artifactKey: Guid(e895839d2d09f2549b9c3d67f7f376a9) Importer(815301076,1909f56bfc062723c751e8b465ee728b)
Start importing Assets/GrassRoadRace/Prefab/Bridge_Large.prefab using Guid(e895839d2d09f2549b9c3d67f7f376a9) Importer(815301076,1909f56bfc062723c751e8b465ee728b)  -> (artifact id: '9b2381a3a2c6a3a60089686034789fd2') in 0.051931 seconds
  Import took 0.058488 seconds .

========================================================================
Received Import Request.
  Time since last request: 0.000437 seconds.
  path: Assets/GrassRoadRace/Prefab/Grass.prefab
  artifactKey: Guid(39923caca5db3ea44a250edeae07a05b) Importer(815301076,1909f56bfc062723c751e8b465ee728b)
Start importing Assets/GrassRoadRace/Prefab/Grass.prefab using Guid(39923caca5db3ea44a250edeae07a05b) Importer(815301076,1909f56bfc062723c751e8b465ee728b)  -> (artifact id: '4a06e30faab6bbd6563e30e548de29fe') in 0.050344 seconds
  Import took 0.055623 seconds .

========================================================================
Received Import Request.
  Time since last request: 0.000452 seconds.
  path: Assets/GrassRoadRace/Prefab/Ground07.prefab
  artifactKey: Guid(81f29a47ae6c1c441b7f405e8725347c) Importer(815301076,1909f56bfc062723c751e8b465ee728b)
Start importing Assets/GrassRoadRace/Prefab/Ground07.prefab using Guid(81f29a47ae6c1c441b7f405e8725347c) Importer(815301076,1909f56bfc062723c751e8b465ee728b)  -> (artifact id: '7a9d438a524e0efc34736cca762a4e78') in 0.054676 seconds
  Import took 0.060695 seconds .

========================================================================
Received Import Request.
  Time since last request: 0.000355 seconds.
  path: Assets/GrassRoadRace/Prefab/GroundIsland.prefab
  artifactKey: Guid(5e817fb9f066550439c850b48a6d2cc2) Importer(815301076,1909f56bfc062723c751e8b465ee728b)
Start importing Assets/GrassRoadRace/Prefab/GroundIsland.prefab using Guid(5e817fb9f066550439c850b48a6d2cc2) Importer(815301076,1909f56bfc062723c751e8b465ee728b)  -> (artifact id: '5fa979884ba69180ea93bf72c16e3aa1') in 0.045579 seconds
  Import took 0.052073 seconds .

========================================================================
Received Import Request.
  Time since last request: 0.000655 seconds.
  path: Assets/GrassRoadRace/Prefab/Hurdle03.prefab
  artifactKey: Guid(2ac7f74c7d519ad44a819e9e78834688) Importer(815301076,1909f56bfc062723c751e8b465ee728b)
Start importing Assets/GrassRoadRace/Prefab/Hurdle03.prefab using Guid(2ac7f74c7d519ad44a819e9e78834688) Importer(815301076,1909f56bfc062723c751e8b465ee728b)  -> (artifact id: 'ae72e33e758030150530bf65614ae98f') in 0.039922 seconds
  Import took 0.047957 seconds .

========================================================================
Received Import Request.
  Time since last request: 0.000498 seconds.
  path: Assets/GrassRoadRace/Prefab/Ground08.prefab
  artifactKey: Guid(c7018b38d092a6145b2d84bbbfdc63f0) Importer(815301076,1909f56bfc062723c751e8b465ee728b)
Start importing Assets/GrassRoadRace/Prefab/Ground08.prefab using Guid(c7018b38d092a6145b2d84bbbfdc63f0) Importer(815301076,1909f56bfc062723c751e8b465ee728b)  -> (artifact id: 'c968cbd6e2198e4cc395f9b8139c26c1') in 0.048393 seconds
  Import took 0.055734 seconds .

========================================================================
Received Import Request.
  Time since last request: 0.000351 seconds.
  path: Assets/GrassRoadRace/Prefab/Ground02.prefab
  artifactKey: Guid(98850bf372f52ed429394ad097c72171) Importer(815301076,1909f56bfc062723c751e8b465ee728b)
Start importing Assets/GrassRoadRace/Prefab/Ground02.prefab using Guid(98850bf372f52ed429394ad097c72171) Importer(815301076,1909f56bfc062723c751e8b465ee728b)  -> (artifact id: '0c3aec8061d6f3e56d3b50a6f3e6b72f') in 0.038144 seconds
  Import took 0.044060 seconds .

========================================================================
Received Import Request.
  Time since last request: 0.000345 seconds.
  path: Assets/GrassRoadRace/Prefab/GroundBlock.prefab
  artifactKey: Guid(dd7af5ae5c2bd564582f22acd0e943bc) Importer(815301076,1909f56bfc062723c751e8b465ee728b)
Start importing Assets/GrassRoadRace/Prefab/GroundBlock.prefab using Guid(dd7af5ae5c2bd564582f22acd0e943bc) Importer(815301076,1909f56bfc062723c751e8b465ee728b)  -> (artifact id: '80d18b63269fdb6813f6c7f970b76595') in 0.045678 seconds
  Import took 0.052371 seconds .

========================================================================
Received Import Request.
  Time since last request: 0.000436 seconds.
  path: Assets/GrassRoadRace/Prefab/Hurdle01.prefab
  artifactKey: Guid(532ee50e20554ae4d8287b34e4c6bcb6) Importer(815301076,1909f56bfc062723c751e8b465ee728b)
Start importing Assets/GrassRoadRace/Prefab/Hurdle01.prefab using Guid(532ee50e20554ae4d8287b34e4c6bcb6) Importer(815301076,1909f56bfc062723c751e8b465ee728b)  -> (artifact id: '5be7b3c8f3fb04261670fc3349fea984') in 0.043828 seconds
  Import took 0.052608 seconds .

========================================================================
Received Import Request.
  Time since last request: 0.000512 seconds.
  path: Assets/GrassRoadRace/Prefab/Hurdle02.prefab
  artifactKey: Guid(51ded5b93fd32a44a80d6b79ae6b9c0b) Importer(815301076,1909f56bfc062723c751e8b465ee728b)
Start importing Assets/GrassRoadRace/Prefab/Hurdle02.prefab using Guid(51ded5b93fd32a44a80d6b79ae6b9c0b) Importer(815301076,1909f56bfc062723c751e8b465ee728b)  -> (artifact id: '02cc7ad1ac6a198cf10df15a609ce568') in 0.040265 seconds
  Import took 0.047013 seconds .

========================================================================
Received Import Request.
  Time since last request: 0.000432 seconds.
  path: Assets/GrassRoadRace/Prefab/Ground03.prefab
  artifactKey: Guid(2ce83dba6e991a8469c95f70e0aba68e) Importer(815301076,1909f56bfc062723c751e8b465ee728b)
Start importing Assets/GrassRoadRace/Prefab/Ground03.prefab using Guid(2ce83dba6e991a8469c95f70e0aba68e) Importer(815301076,1909f56bfc062723c751e8b465ee728b)  -> (artifact id: 'b70aa47734b59a4d06c0849fcf37047e') in 0.042226 seconds
  Import took 0.049876 seconds .

========================================================================
Received Import Request.
  Time since last request: 0.000435 seconds.
  path: Assets/GrassRoadRace/Prefab/Ground04.prefab
  artifactKey: Guid(a7817dc9ad2423344b2e740174f38c36) Importer(815301076,1909f56bfc062723c751e8b465ee728b)
Start importing Assets/GrassRoadRace/Prefab/Ground04.prefab using Guid(a7817dc9ad2423344b2e740174f38c36) Importer(815301076,1909f56bfc062723c751e8b465ee728b)  -> (artifact id: '2c29cf048f95e38225c11ca24c7bd984') in 0.056706 seconds
  Import took 0.064788 seconds .

========================================================================
Received Import Request.
  Time since last request: 0.000411 seconds.
  path: Assets/GrassRoadRace/Prefab/Ground05.prefab
  artifactKey: Guid(33dd86afce8a9e845aded35de3a1fdf9) Importer(815301076,1909f56bfc062723c751e8b465ee728b)
Start importing Assets/GrassRoadRace/Prefab/Ground05.prefab using Guid(33dd86afce8a9e845aded35de3a1fdf9) Importer(815301076,1909f56bfc062723c751e8b465ee728b)  -> (artifact id: 'ce34a5edc8ddff14ba0f3a64b1e8909f') in 0.046140 seconds
  Import took 0.051948 seconds .

========================================================================
Received Import Request.
  Time since last request: 0.000392 seconds.
  path: Assets/GrassRoadRace/Prefab/Ground06.prefab
  artifactKey: Guid(43f370ae72692d649b59fd00dc4a828d) Importer(815301076,1909f56bfc062723c751e8b465ee728b)
Start importing Assets/GrassRoadRace/Prefab/Ground06.prefab using Guid(43f370ae72692d649b59fd00dc4a828d) Importer(815301076,1909f56bfc062723c751e8b465ee728b)  -> (artifact id: 'f851ac837f43d985ceb61c116ba3170f') in 0.039352 seconds
  Import took 0.044914 seconds .

========================================================================
Received Import Request.
  Time since last request: 0.000357 seconds.
  path: Assets/GrassRoadRace/Prefab/Ground05.prefab
  artifactKey: Guid(33dd86afce8a9e845aded35de3a1fdf9) Importer(815301076,1909f56bfc062723c751e8b465ee728b)
Start importing Assets/GrassRoadRace/Prefab/Ground05.prefab using Guid(33dd86afce8a9e845aded35de3a1fdf9) Importer(815301076,1909f56bfc062723c751e8b465ee728b)  -> (artifact id: 'ce34a5edc8ddff14ba0f3a64b1e8909f') in 0.033139 seconds
  Import took 0.037399 seconds .

========================================================================
Received Import Request.
  Time since last request: 0.000402 seconds.
  path: Assets/GrassRoadRace/Prefab/PalmTree.prefab
  artifactKey: Guid(3517325933a4f02419b118e4ac715d2e) Importer(815301076,1909f56bfc062723c751e8b465ee728b)
Start importing Assets/GrassRoadRace/Prefab/PalmTree.prefab using Guid(3517325933a4f02419b118e4ac715d2e) Importer(815301076,1909f56bfc062723c751e8b465ee728b)  -> (artifact id: '3e5556c333df600397ddbb9e81b837de') in 0.037515 seconds
  Import took 0.043711 seconds .

========================================================================
Received Import Request.
  Time since last request: 0.000426 seconds.
  path: Assets/GrassRoadRace/Prefab/Bridge_Small.prefab
  artifactKey: Guid(be586f7a2d5b1934abf61a0f6b060ac7) Importer(815301076,1909f56bfc062723c751e8b465ee728b)
Start importing Assets/GrassRoadRace/Prefab/Bridge_Small.prefab using Guid(be586f7a2d5b1934abf61a0f6b060ac7) Importer(815301076,1909f56bfc062723c751e8b465ee728b)  -> (artifact id: 'b622d91a3bf1c37d28a3100b00f23e4b') in 0.035508 seconds
  Import took 0.042483 seconds .

========================================================================
Received Import Request.
  Time since last request: 0.005116 seconds.
  path: Assets/GrassRoadRace/Prefab/Bridge_Small.prefab
  artifactKey: Guid(be586f7a2d5b1934abf61a0f6b060ac7) Importer(815301076,1909f56bfc062723c751e8b465ee728b)
Start importing Assets/GrassRoadRace/Prefab/Bridge_Small.prefab using Guid(be586f7a2d5b1934abf61a0f6b060ac7) Importer(815301076,1909f56bfc062723c751e8b465ee728b)  -> (artifact id: 'b622d91a3bf1c37d28a3100b00f23e4b') in 0.021583 seconds
  Import took 0.026504 seconds .

========================================================================
Received Import Request.
  Time since last request: 104.416807 seconds.
  path: Assets/Prefabs/Hurdle03.prefab
  artifactKey: Guid(4507759548f38a841a3fe50c7dbbf67b) Importer(815301076,1909f56bfc062723c751e8b465ee728b)
Start importing Assets/Prefabs/Hurdle03.prefab using Guid(4507759548f38a841a3fe50c7dbbf67b) Importer(815301076,1909f56bfc062723c751e8b465ee728b)  -> (artifact id: '69bd29804f0ffbe406f588844a81d3f0') in 0.034659 seconds
  Import took 0.042781 seconds .

========================================================================
Received Import Request.
  Time since last request: 0.032279 seconds.
  path: Assets/Prefabs/Hurdle03.prefab
  artifactKey: Guid(4507759548f38a841a3fe50c7dbbf67b) Importer(815301076,1909f56bfc062723c751e8b465ee728b)
Start importing Assets/Prefabs/Hurdle03.prefab using Guid(4507759548f38a841a3fe50c7dbbf67b) Importer(815301076,1909f56bfc062723c751e8b465ee728b)  -> (artifact id: '69bd29804f0ffbe406f588844a81d3f0') in 0.027257 seconds
  Import took 0.032384 seconds .

========================================================================
Received Import Request.
  Time since last request: 10.667128 seconds.
  path: Assets/Prefabs/HurdleObstacleTall.prefab
  artifactKey: Guid(4507759548f38a841a3fe50c7dbbf67b) Importer(815301076,1909f56bfc062723c751e8b465ee728b)
Start importing Assets/Prefabs/HurdleObstacleTall.prefab using Guid(4507759548f38a841a3fe50c7dbbf67b) Importer(815301076,1909f56bfc062723c751e8b465ee728b)  -> (artifact id: '00ea5f1dfbdc196e65de851a44683368') in 0.037210 seconds
  Import took 0.045992 seconds .

========================================================================
Received Import Request.
  Time since last request: 0.007341 seconds.
  path: Assets/Prefabs/HurdleObstacleTall.prefab
  artifactKey: Guid(4507759548f38a841a3fe50c7dbbf67b) Importer(815301076,1909f56bfc062723c751e8b465ee728b)
Start importing Assets/Prefabs/HurdleObstacleTall.prefab using Guid(4507759548f38a841a3fe50c7dbbf67b) Importer(815301076,1909f56bfc062723c751e8b465ee728b)  -> (artifact id: '00ea5f1dfbdc196e65de851a44683368') in 0.025867 seconds
  Import took 0.031323 seconds .

========================================================================
Received Import Request.
  Time since last request: 261.158859 seconds.
  path: Assets/Prefabs/HurdleObstacleTall.prefab
  artifactKey: Guid(4507759548f38a841a3fe50c7dbbf67b) Importer(815301076,1909f56bfc062723c751e8b465ee728b)
Start importing Assets/Prefabs/HurdleObstacleTall.prefab using Guid(4507759548f38a841a3fe50c7dbbf67b) Importer(815301076,1909f56bfc062723c751e8b465ee728b)  -> (artifact id: '9e0b5a04da3efba766cea0dff6650c0d') in 0.083786 seconds
  Import took 0.098530 seconds .

========================================================================
Received Import Request.
  Time since last request: 3.873029 seconds.
  path: Assets/Prefabs/HurdleObstacleTall.prefab
  artifactKey: Guid(4507759548f38a841a3fe50c7dbbf67b) Importer(815301076,1909f56bfc062723c751e8b465ee728b)
Start importing Assets/Prefabs/HurdleObstacleTall.prefab using Guid(4507759548f38a841a3fe50c7dbbf67b) Importer(815301076,1909f56bfc062723c751e8b465ee728b)  -> (artifact id: 'ce86fb7811db74446d264c1ac39fe78f') in 0.050144 seconds
  Import took 0.058351 seconds .

========================================================================
Received Import Request.
  Time since last request: 6.686414 seconds.
  path: Assets/Prefabs/HurdleObstacleTall.prefab
  artifactKey: Guid(4507759548f38a841a3fe50c7dbbf67b) Importer(815301076,1909f56bfc062723c751e8b465ee728b)
Start importing Assets/Prefabs/HurdleObstacleTall.prefab using Guid(4507759548f38a841a3fe50c7dbbf67b) Importer(815301076,1909f56bfc062723c751e8b465ee728b)  -> (artifact id: '89ed2d8a9ce254a92ec0009c26f56c51') in 0.062883 seconds
  Import took 0.073270 seconds .

========================================================================
Received Import Request.
  Time since last request: 2.670679 seconds.
  path: Assets/Prefabs/HurdleObstacleTall.prefab
  artifactKey: Guid(4507759548f38a841a3fe50c7dbbf67b) Importer(815301076,1909f56bfc062723c751e8b465ee728b)
Start importing Assets/Prefabs/HurdleObstacleTall.prefab using Guid(4507759548f38a841a3fe50c7dbbf67b) Importer(815301076,1909f56bfc062723c751e8b465ee728b)  -> (artifact id: '44094860ae14c7c60efd968d468d5e3e') in 0.068798 seconds
  Import took 0.084333 seconds .

========================================================================
Received Import Request.
  Time since last request: 19.969963 seconds.
  path: Assets/Prefabs/HurdleObstacleTall.prefab
  artifactKey: Guid(4507759548f38a841a3fe50c7dbbf67b) Importer(815301076,1909f56bfc062723c751e8b465ee728b)
Start importing Assets/Prefabs/HurdleObstacleTall.prefab using Guid(4507759548f38a841a3fe50c7dbbf67b) Importer(815301076,1909f56bfc062723c751e8b465ee728b)  -> (artifact id: 'ade7a8192324954aa69f4585d3e95e62') in 0.027003 seconds
  Import took 0.032900 seconds .

========================================================================
Received Import Request.
  Time since last request: 0.017863 seconds.
  path: Assets/Prefabs/HurdleObstacleTall.prefab
  artifactKey: Guid(4507759548f38a841a3fe50c7dbbf67b) Importer(815301076,1909f56bfc062723c751e8b465ee728b)
Start importing Assets/Prefabs/HurdleObstacleTall.prefab using Guid(4507759548f38a841a3fe50c7dbbf67b) Importer(815301076,1909f56bfc062723c751e8b465ee728b)  -> (artifact id: 'ade7a8192324954aa69f4585d3e95e62') in 0.021417 seconds
  Import took 0.027782 seconds .

========================================================================
Received Import Request.
  Time since last request: 14.629537 seconds.
  path: Assets/Prefabs/HurdleObstacleTall.prefab
  artifactKey: Guid(4507759548f38a841a3fe50c7dbbf67b) Importer(815301076,1909f56bfc062723c751e8b465ee728b)
Start importing Assets/Prefabs/HurdleObstacleTall.prefab using Guid(4507759548f38a841a3fe50c7dbbf67b) Importer(815301076,1909f56bfc062723c751e8b465ee728b)  -> (artifact id: 'c94bd15df668aae4a6f9483dfbaac70c') in 0.065813 seconds
  Import took 0.079746 seconds .

========================================================================
Received Import Request.
  Time since last request: 60.325779 seconds.
  path: Assets/Prefabs/HurdleObstacleTall.prefab
  artifactKey: Guid(4507759548f38a841a3fe50c7dbbf67b) Importer(815301076,1909f56bfc062723c751e8b465ee728b)
Start importing Assets/Prefabs/HurdleObstacleTall.prefab using Guid(4507759548f38a841a3fe50c7dbbf67b) Importer(815301076,1909f56bfc062723c751e8b465ee728b)  -> (artifact id: '07f388fa3152cc68587be292a1f55d84') in 0.023032 seconds
  Import took 0.026955 seconds .

========================================================================
Received Import Request.
  Time since last request: 0.016192 seconds.
  path: Assets/Prefabs/HurdleObstacleTall.prefab
  artifactKey: Guid(4507759548f38a841a3fe50c7dbbf67b) Importer(815301076,1909f56bfc062723c751e8b465ee728b)
Start importing Assets/Prefabs/HurdleObstacleTall.prefab using Guid(4507759548f38a841a3fe50c7dbbf67b) Importer(815301076,1909f56bfc062723c751e8b465ee728b)  -> (artifact id: '07f388fa3152cc68587be292a1f55d84') in 0.022649 seconds
  Import took 0.028002 seconds .

========================================================================
Received Import Request.
  Time since last request: 36.535792 seconds.
  path: Assets/Prefabs/HurdleObstacle Variant.prefab
  artifactKey: Guid(9b3d4694cbb8dc2439fb07584921cf7f) Importer(815301076,1909f56bfc062723c751e8b465ee728b)
Start importing Assets/Prefabs/HurdleObstacle Variant.prefab using Guid(9b3d4694cbb8dc2439fb07584921cf7f) Importer(815301076,1909f56bfc062723c751e8b465ee728b)  -> (artifact id: 'a3e0a03b6b59d0b91acb58c2a53fd7ae') in 0.029753 seconds
  Import took 0.036081 seconds .

========================================================================
Received Import Request.
  Time since last request: 0.016705 seconds.
  path: Assets/Prefabs/HurdleObstacle Variant.prefab
  artifactKey: Guid(9b3d4694cbb8dc2439fb07584921cf7f) Importer(815301076,1909f56bfc062723c751e8b465ee728b)
Start importing Assets/Prefabs/HurdleObstacle Variant.prefab using Guid(9b3d4694cbb8dc2439fb07584921cf7f) Importer(815301076,1909f56bfc062723c751e8b465ee728b)  -> (artifact id: 'a3e0a03b6b59d0b91acb58c2a53fd7ae') in 0.029072 seconds
  Import took 0.034025 seconds .

========================================================================
Received Import Request.
  Time since last request: 7.841747 seconds.
  path: Assets/Prefabs/HurdleObstacle Variant.prefab
  artifactKey: Guid(9b3d4694cbb8dc2439fb07584921cf7f) Importer(815301076,1909f56bfc062723c751e8b465ee728b)
Start importing Assets/Prefabs/HurdleObstacle Variant.prefab using Guid(9b3d4694cbb8dc2439fb07584921cf7f) Importer(815301076,1909f56bfc062723c751e8b465ee728b)  -> (artifact id: 'b6cf987aa1ecfce89a4547ea091b3c4b') in 0.080549 seconds
  Import took 0.095513 seconds .

========================================================================
Received Import Request.
  Time since last request: 0.043265 seconds.
  path: Assets/Prefabs/HurdleObstacle Variant.prefab
  artifactKey: Guid(9b3d4694cbb8dc2439fb07584921cf7f) Importer(815301076,1909f56bfc062723c751e8b465ee728b)
Start importing Assets/Prefabs/HurdleObstacle Variant.prefab using Guid(9b3d4694cbb8dc2439fb07584921cf7f) Importer(815301076,1909f56bfc062723c751e8b465ee728b)  -> (artifact id: 'b6cf987aa1ecfce89a4547ea091b3c4b') in 0.028962 seconds
  Import took 0.034927 seconds .

========================================================================
Received Import Request.
  Time since last request: 4.205714 seconds.
  path: Assets/Prefabs/HurdleObstacle Variant.prefab
  artifactKey: Guid(9b3d4694cbb8dc2439fb07584921cf7f) Importer(815301076,1909f56bfc062723c751e8b465ee728b)
Start importing Assets/Prefabs/HurdleObstacle Variant.prefab using Guid(9b3d4694cbb8dc2439fb07584921cf7f) Importer(815301076,1909f56bfc062723c751e8b465ee728b)  -> (artifact id: '1eb0643a4eec2e79716cb27c84ce0b29') in 0.103207 seconds
  Import took 0.118133 seconds .

========================================================================
Received Import Request.
  Time since last request: 12.543869 seconds.
  path: Assets/Prefabs/HurdleObstacle Variant.prefab
  artifactKey: Guid(9b3d4694cbb8dc2439fb07584921cf7f) Importer(815301076,1909f56bfc062723c751e8b465ee728b)
Start importing Assets/Prefabs/HurdleObstacle Variant.prefab using Guid(9b3d4694cbb8dc2439fb07584921cf7f) Importer(815301076,1909f56bfc062723c751e8b465ee728b)  -> (artifact id: '5348fbb2dbcaf79fedb9ff669c22bb00') in 0.057740 seconds
  Import took 0.067207 seconds .

========================================================================
Received Import Request.
  Time since last request: 22.472249 seconds.
  path: Assets/Scripts/GroundTeste.cs
  artifactKey: Guid(7a60737c56ce9fa48b7326ee3be51d77) Importer(815301076,1909f56bfc062723c751e8b465ee728b)
Start importing Assets/Scripts/GroundTeste.cs using Guid(7a60737c56ce9fa48b7326ee3be51d77) Importer(815301076,1909f56bfc062723c751e8b465ee728b)  -> (artifact id: '9d2bd096d8081584198055a6a7d9a196') in 0.018293 seconds
  Import took 0.023988 seconds .

========================================================================
Received Import Request.
  Time since last request: 393.899118 seconds.
  path: Assets/Scripts/GroundTeste.cs
  artifactKey: Guid(7a60737c56ce9fa48b7326ee3be51d77) Importer(815301076,1909f56bfc062723c751e8b465ee728b)
Start importing Assets/Scripts/GroundTeste.cs using Guid(7a60737c56ce9fa48b7326ee3be51d77) Importer(815301076,1909f56bfc062723c751e8b465ee728b)  -> (artifact id: 'cd78ac8cd7054dee4c22d528e4fd2225') in 0.019991 seconds
  Import took 0.041535 seconds .

========================================================================
Received Prepare
Registering precompiled user dll's ...
Registered in 0.001505 seconds.
Begin MonoManager ReloadAssembly
Native extension for WindowsStandalone target not found
Refreshing native plugins compatible for Editor in 0.36 ms, found 0 plugins.
Preloading 0 native plugins for Editor in 0.00 ms.
Invoked RoslynAnalysisRunner static constructor.
RoslynAnalysisRunner will not be running.
RoslynAnalysisRunner has terminated.
Mono: successfully reloaded assembly
- Completed reload, in  1.845 seconds
Platform modules already initialized, skipping
Refreshing native plugins compatible for Editor in 0.50 ms, found 0 plugins.
Preloading 0 native plugins for Editor in 0.00 ms.
Unloading 1122 Unused Serialized files (Serialized files now loaded: 0)
System memory in use before: 62.6 MB.
System memory in use after: 62.7 MB.

Unloading 5 unused Assets to reduce memory usage. Loaded Objects now: 1618.
Total: 4.797200 ms (FindLiveObjects: 0.389400 ms CreateObjectMapping: 0.128400 ms MarkObjects: 4.150700 ms  DeleteObjects: 0.125800 ms)

========================================================================
Received Import Request.
  Time since last request: 179.967803 seconds.
  path: Assets/Scripts/GroundTeste.cs
  artifactKey: Guid(7a60737c56ce9fa48b7326ee3be51d77) Importer(815301076,1909f56bfc062723c751e8b465ee728b)
Start importing Assets/Scripts/GroundTeste.cs using Guid(7a60737c56ce9fa48b7326ee3be51d77) Importer(815301076,1909f56bfc062723c751e8b465ee728b)  -> (artifact id: 'dd7915565f222353166e483b48ca855e') in 0.020861 seconds
  Import took 0.026075 seconds .

========================================================================
Received Import Request.
  Time since last request: 3.802585 seconds.
  path: Assets/Prefabs/GroundTeste.prefab
  artifactKey: Guid(1731ae0548ad2ba458c572ab6df7b58c) Importer(815301076,1909f56bfc062723c751e8b465ee728b)
Start importing Assets/Prefabs/GroundTeste.prefab using Guid(1731ae0548ad2ba458c572ab6df7b58c) Importer(815301076,1909f56bfc062723c751e8b465ee728b)  -> (artifact id: '908a93c648a788eec6740eb97b80e7a1') in 0.144059 seconds
  Import took 0.150510 seconds .

========================================================================
Received Import Request.
  Time since last request: 0.000466 seconds.
  path: Assets/Prefabs/GroundTile.prefab
  artifactKey: Guid(0f9ff2a19f0dde04cbe969cb0d7f0540) Importer(815301076,1909f56bfc062723c751e8b465ee728b)
Start importing Assets/Prefabs/GroundTile.prefab using Guid(0f9ff2a19f0dde04cbe969cb0d7f0540) Importer(815301076,1909f56bfc062723c751e8b465ee728b)  -> (artifact id: 'e5c6f362a64dc3cc76ae09f75cad8fea') in 0.034591 seconds
  Import took 0.039497 seconds .

========================================================================
Received Import Request.
  Time since last request: 16.698767 seconds.
  path: Assets/Prefabs/GroundTeste.prefab
  artifactKey: Guid(1731ae0548ad2ba458c572ab6df7b58c) Importer(815301076,1909f56bfc062723c751e8b465ee728b)
Start importing Assets/Prefabs/GroundTeste.prefab using Guid(1731ae0548ad2ba458c572ab6df7b58c) Importer(815301076,1909f56bfc062723c751e8b465ee728b)  -> (artifact id: '44b9783a1d270784c50cced52b00be23') in 0.106569 seconds
  Import took 0.116144 seconds .

========================================================================
Received Prepare
Registering precompiled user dll's ...
Registered in 0.001339 seconds.
Begin MonoManager ReloadAssembly
Native extension for WindowsStandalone target not found
Refreshing native plugins compatible for Editor in 0.38 ms, found 0 plugins.
Preloading 0 native plugins for Editor in 0.00 ms.
Invoked RoslynAnalysisRunner static constructor.
RoslynAnalysisRunner will not be running.
RoslynAnalysisRunner has terminated.
Mono: successfully reloaded assembly
- Completed reload, in  1.764 seconds
Platform modules already initialized, skipping
Refreshing native plugins compatible for Editor in 0.41 ms, found 0 plugins.
Preloading 0 native plugins for Editor in 0.00 ms.
Unloading 1122 Unused Serialized files (Serialized files now loaded: 0)
System memory in use before: 62.6 MB.
System memory in use after: 62.7 MB.

Unloading 6 unused Assets to reduce memory usage. Loaded Objects now: 1622.
Total: 4.253000 ms (FindLiveObjects: 0.281100 ms CreateObjectMapping: 0.103300 ms MarkObjects: 3.771000 ms  DeleteObjects: 0.095100 ms)

========================================================================
Received Prepare
Registering precompiled user dll's ...
Registered in 0.001752 seconds.
Begin MonoManager ReloadAssembly
Native extension for WindowsStandalone target not found
Refreshing native plugins compatible for Editor in 0.38 ms, found 0 plugins.
Preloading 0 native plugins for Editor in 0.00 ms.
Invoked RoslynAnalysisRunner static constructor.
RoslynAnalysisRunner will not be running.
RoslynAnalysisRunner has terminated.
Mono: successfully reloaded assembly
- Completed reload, in  1.792 seconds
Platform modules already initialized, skipping
Refreshing native plugins compatible for Editor in 0.37 ms, found 0 plugins.
Preloading 0 native plugins for Editor in 0.00 ms.
Unloading 1122 Unused Serialized files (Serialized files now loaded: 0)
System memory in use before: 62.6 MB.
System memory in use after: 62.7 MB.

Unloading 5 unused Assets to reduce memory usage. Loaded Objects now: 1625.
Total: 4.999500 ms (FindLiveObjects: 0.502900 ms CreateObjectMapping: 0.130800 ms MarkObjects: 4.250600 ms  DeleteObjects: 0.112100 ms)

AssetImportWorkerClient::OnTransportError - code=2 error=End of file
