Using pre-set license
Built from '2020.3/release' branch; Version is '2020.3.2f1 (8fd9074bf66c) revision 9427207'; Using compiler version '192528614'; Build Type 'Release'
OS: 'Windows 10 Home Single Language; OS build 19042.928; Version 2009; 64bit' Language: 'pt' Physical Memory: 8066 MB
BatchMode: 1, IsHumanControllingUs: 0, StartBugReporterOnCrash: 0, Is64bit: 1, IsPro: 0

 COMMAND LINE ARGUMENTS:
C:\Program Files\Unity\Hub\Editor\2020.3.2f1\Editor\Unity.exe
-adb2
-batchMode
-noUpm
-name
AssetImportWorker0
-projectPath
C:/Users/Maria Luize/Downloads/bloco 8/CompGrafica_ProcessImagem/Finding-the-Whey/Projeto_3DGame_versaoLuize
-logFile
Logs/AssetImportWorker0.log
-srvPort
50274
Successfully changed project path to: C:/Users/Maria Luize/Downloads/bloco 8/CompGrafica_ProcessImagem/Finding-the-Whey/Projeto_3DGame_versaoLuize
C:/Users/Maria Luize/Downloads/bloco 8/CompGrafica_ProcessImagem/Finding-the-Whey/Projeto_3DGame_versaoLuize
Using Asset Import Pipeline V2.
Refreshing native plugins compatible for Editor in 57.47 ms, found 0 plugins.
Preloading 0 native plugins for Editor in 0.00 ms.
Initialize engine version: 2020.3.2f1 (8fd9074bf66c)
[Subsystems] Discovering subsystems at path C:/Program Files/Unity/Hub/Editor/2020.3.2f1/Editor/Data/Resources/UnitySubsystems
[Subsystems] Discovering subsystems at path C:/Users/Maria Luize/Downloads/bloco 8/CompGrafica_ProcessImagem/Finding-the-Whey/Projeto_3DGame_versaoLuize/Assets
GfxDevice: creating device client; threaded=0
Direct3D:
    Version:  Direct3D 11.0 [level 11.1]
    Renderer: Intel(R) HD Graphics 520 (ID=0x1921)
    Vendor:   
    VRAM:     4033 MB
    Driver:   27.20.100.8681
Initialize mono
Mono path[0] = 'C:/Program Files/Unity/Hub/Editor/2020.3.2f1/Editor/Data/Managed'
Mono path[1] = 'C:/Program Files/Unity/Hub/Editor/2020.3.2f1/Editor/Data/MonoBleedingEdge/lib/mono/unityjit'
Mono config path = 'C:/Program Files/Unity/Hub/Editor/2020.3.2f1/Editor/Data/MonoBleedingEdge/etc'
Using monoOptions --debugger-agent=transport=dt_socket,embedding=1,server=y,suspend=n,address=127.0.0.1:56892
Begin MonoManager ReloadAssembly
Registering precompiled unity dll's ...
Register platform support module: C:/Program Files/Unity/Hub/Editor/2020.3.2f1/Editor/Data/PlaybackEngines/WindowsStandaloneSupport/UnityEditor.WindowsStandalone.Extensions.dll
Registered in 0.004849 seconds.
Native extension for WindowsStandalone target not found
Refreshing native plugins compatible for Editor in 57.40 ms, found 0 plugins.
Preloading 0 native plugins for Editor in 0.00 ms.
Invoked RoslynAnalysisRunner static constructor.
RoslynAnalysisRunner will not be running.
RoslynAnalysisRunner has terminated.
Mono: successfully reloaded assembly
- Completed reload, in  2.932 seconds
Platform modules already initialized, skipping
Registering precompiled user dll's ...
Registered in 0.001213 seconds.
Begin MonoManager ReloadAssembly
Native extension for WindowsStandalone target not found
Refreshing native plugins compatible for Editor in 0.30 ms, found 0 plugins.
Preloading 0 native plugins for Editor in 0.00 ms.
Invoked RoslynAnalysisRunner static constructor.
RoslynAnalysisRunner will not be running.
RoslynAnalysisRunner has terminated.
Mono: successfully reloaded assembly
- Completed reload, in  2.232 seconds
Platform modules already initialized, skipping
========================================================================
Worker process is ready to serve import requests
Launched and connected shader compiler UnityShaderCompiler.exe after 0.10 seconds
Refreshing native plugins compatible for Editor in 0.50 ms, found 0 plugins.
Preloading 0 native plugins for Editor in 0.00 ms.
Unloading 1125 Unused Serialized files (Serialized files now loaded: 0)
System memory in use before: 59.0 MB.
System memory in use after: 59.0 MB.

Unloading 10 unused Assets to reduce memory usage. Loaded Objects now: 1574.
Total: 4.402500 ms (FindLiveObjects: 0.365000 ms CreateObjectMapping: 0.137500 ms MarkObjects: 3.692100 ms  DeleteObjects: 0.205100 ms)

========================================================================
Received Import Request.
  path: Assets/Scripts/WheyProtein.cs
  artifactKey: Guid(5c90b493191f59348b375131acf1b3dc) Importer(815301076,1909f56bfc062723c751e8b465ee728b)
Start importing Assets/Scripts/WheyProtein.cs using Guid(5c90b493191f59348b375131acf1b3dc) Importer(815301076,1909f56bfc062723c751e8b465ee728b)  -> (artifact id: '09751b1dcdd6daccb0520b458a732f3f') in 0.088267 seconds
  Import took 0.093531 seconds .

========================================================================
Received Import Request.
  Time since last request: 81.425939 seconds.
  path: Assets/Prefabs/WheyProtein.prefab
  artifactKey: Guid(b1a422cf7528f4a4c8bdb66a38f877fb) Importer(815301076,1909f56bfc062723c751e8b465ee728b)
Start importing Assets/Prefabs/WheyProtein.prefab using Guid(b1a422cf7528f4a4c8bdb66a38f877fb) Importer(815301076,1909f56bfc062723c751e8b465ee728b)  -> (artifact id: 'ba530b4d41232e59afdd8199f4691c94') in 0.253379 seconds
  Import took 0.261399 seconds .

========================================================================
Received Prepare
Registering precompiled user dll's ...
Registered in 0.001594 seconds.
Begin MonoManager ReloadAssembly
Native extension for WindowsStandalone target not found
Refreshing native plugins compatible for Editor in 0.70 ms, found 0 plugins.
Preloading 0 native plugins for Editor in 0.00 ms.
Invoked RoslynAnalysisRunner static constructor.
RoslynAnalysisRunner will not be running.
RoslynAnalysisRunner has terminated.
Mono: successfully reloaded assembly
- Completed reload, in  2.334 seconds
Platform modules already initialized, skipping
Refreshing native plugins compatible for Editor in 0.41 ms, found 0 plugins.
Preloading 0 native plugins for Editor in 0.00 ms.
Unloading 1120 Unused Serialized files (Serialized files now loaded: 0)
System memory in use before: 62.1 MB.
System memory in use after: 62.2 MB.

Unloading 5 unused Assets to reduce memory usage. Loaded Objects now: 1585.
Total: 3.722000 ms (FindLiveObjects: 0.250900 ms CreateObjectMapping: 0.109700 ms MarkObjects: 3.220500 ms  DeleteObjects: 0.138100 ms)

========================================================================
Received Import Request.
  Time since last request: 1259.793542 seconds.
  path: Assets/Scripts/GroundTeste.cs
  artifactKey: Guid(7a60737c56ce9fa48b7326ee3be51d77) Importer(815301076,1909f56bfc062723c751e8b465ee728b)
Start importing Assets/Scripts/GroundTeste.cs using Guid(7a60737c56ce9fa48b7326ee3be51d77) Importer(815301076,1909f56bfc062723c751e8b465ee728b)  -> (artifact id: 'afb7c1c4b4a78691a76f64c1fc328460') in 0.024913 seconds
  Import took 0.030853 seconds .

========================================================================
Received Import Request.
  Time since last request: 4.086020 seconds.
  path: Assets/Prefabs/GroundTeste.prefab
  artifactKey: Guid(1731ae0548ad2ba458c572ab6df7b58c) Importer(815301076,1909f56bfc062723c751e8b465ee728b)
Start importing Assets/Prefabs/GroundTeste.prefab using Guid(1731ae0548ad2ba458c572ab6df7b58c) Importer(815301076,1909f56bfc062723c751e8b465ee728b)  -> (artifact id: 'bdb17857ef6be9d0ec58b86d59384ef5') in 0.151491 seconds
  Import took 0.157718 seconds .

========================================================================
Received Import Request.
  Time since last request: 0.000307 seconds.
  path: Assets/Prefabs/GroundTile.prefab
  artifactKey: Guid(0f9ff2a19f0dde04cbe969cb0d7f0540) Importer(815301076,1909f56bfc062723c751e8b465ee728b)
Start importing Assets/Prefabs/GroundTile.prefab using Guid(0f9ff2a19f0dde04cbe969cb0d7f0540) Importer(815301076,1909f56bfc062723c751e8b465ee728b)  -> (artifact id: 'c7ee1e7ff43471ad67b21a2bd93efe40') in 0.076284 seconds
  Import took 0.083212 seconds .

========================================================================
Received Import Request.
  Time since last request: 9.769213 seconds.
  path: Assets/Prefabs/GroundTeste.prefab
  artifactKey: Guid(1731ae0548ad2ba458c572ab6df7b58c) Importer(815301076,1909f56bfc062723c751e8b465ee728b)
Start importing Assets/Prefabs/GroundTeste.prefab using Guid(1731ae0548ad2ba458c572ab6df7b58c) Importer(815301076,1909f56bfc062723c751e8b465ee728b)  -> (artifact id: 'a9964bb230f1bbbef6575f9b6fe9d305') in 0.047294 seconds
  Import took 0.051893 seconds .

========================================================================
Received Prepare
Registering precompiled user dll's ...
Registered in 0.001616 seconds.
Begin MonoManager ReloadAssembly
Native extension for WindowsStandalone target not found
Refreshing native plugins compatible for Editor in 0.32 ms, found 0 plugins.
Preloading 0 native plugins for Editor in 0.00 ms.
Invoked RoslynAnalysisRunner static constructor.
RoslynAnalysisRunner will not be running.
RoslynAnalysisRunner has terminated.
Mono: successfully reloaded assembly
- Completed reload, in  1.822 seconds
Platform modules already initialized, skipping
Refreshing native plugins compatible for Editor in 0.37 ms, found 0 plugins.
Preloading 0 native plugins for Editor in 0.00 ms.
Unloading 1120 Unused Serialized files (Serialized files now loaded: 0)
System memory in use before: 62.2 MB.
System memory in use after: 62.2 MB.

Unloading 6 unused Assets to reduce memory usage. Loaded Objects now: 1591.
Total: 3.116300 ms (FindLiveObjects: 0.204500 ms CreateObjectMapping: 0.063600 ms MarkObjects: 2.732800 ms  DeleteObjects: 0.113100 ms)

========================================================================
Received Import Request.
  Time since last request: 99.188947 seconds.
  path: Assets/Prefabs/WheyProtein.prefab
  artifactKey: Guid(b1a422cf7528f4a4c8bdb66a38f877fb) Importer(815301076,1909f56bfc062723c751e8b465ee728b)
Start importing Assets/Prefabs/WheyProtein.prefab using Guid(b1a422cf7528f4a4c8bdb66a38f877fb) Importer(815301076,1909f56bfc062723c751e8b465ee728b)  -> (artifact id: '67a8f3eb0056fc840f8a714d8e4f47b9') in 0.178052 seconds
  Import took 0.183049 seconds .

========================================================================
Received Prepare
Registering precompiled user dll's ...
Registered in 0.001144 seconds.
Begin MonoManager ReloadAssembly
Native extension for WindowsStandalone target not found
Refreshing native plugins compatible for Editor in 0.36 ms, found 0 plugins.
Preloading 0 native plugins for Editor in 0.00 ms.
Invoked RoslynAnalysisRunner static constructor.
RoslynAnalysisRunner will not be running.
RoslynAnalysisRunner has terminated.
Mono: successfully reloaded assembly
- Completed reload, in  1.818 seconds
Platform modules already initialized, skipping
Refreshing native plugins compatible for Editor in 0.47 ms, found 0 plugins.
Preloading 0 native plugins for Editor in 0.00 ms.
Unloading 1120 Unused Serialized files (Serialized files now loaded: 0)
System memory in use before: 62.2 MB.
System memory in use after: 62.3 MB.

Unloading 5 unused Assets to reduce memory usage. Loaded Objects now: 1595.
Total: 3.410600 ms (FindLiveObjects: 0.271000 ms CreateObjectMapping: 0.098000 ms MarkObjects: 2.939900 ms  DeleteObjects: 0.099800 ms)

========================================================================
Received Prepare
Registering precompiled user dll's ...
Registered in 0.001726 seconds.
Begin MonoManager ReloadAssembly
Native extension for WindowsStandalone target not found
Refreshing native plugins compatible for Editor in 0.42 ms, found 0 plugins.
Preloading 0 native plugins for Editor in 0.00 ms.
Invoked RoslynAnalysisRunner static constructor.
RoslynAnalysisRunner will not be running.
RoslynAnalysisRunner has terminated.
Mono: successfully reloaded assembly
- Completed reload, in  2.603 seconds
Platform modules already initialized, skipping
Refreshing native plugins compatible for Editor in 0.84 ms, found 0 plugins.
Preloading 0 native plugins for Editor in 0.00 ms.
Unloading 1120 Unused Serialized files (Serialized files now loaded: 0)
System memory in use before: 62.2 MB.
System memory in use after: 62.3 MB.

Unloading 5 unused Assets to reduce memory usage. Loaded Objects now: 1598.
Total: 9.796400 ms (FindLiveObjects: 4.378900 ms CreateObjectMapping: 0.803100 ms MarkObjects: 4.486500 ms  DeleteObjects: 0.124300 ms)

========================================================================
Received Import Request.
  Time since last request: 116.695966 seconds.
  path: Assets/Prefabs/GroundTeste.prefab
  artifactKey: Guid(1731ae0548ad2ba458c572ab6df7b58c) Importer(815301076,1909f56bfc062723c751e8b465ee728b)
Start importing Assets/Prefabs/GroundTeste.prefab using Guid(1731ae0548ad2ba458c572ab6df7b58c) Importer(815301076,1909f56bfc062723c751e8b465ee728b)  -> (artifact id: '8399ab5ce316bf77d804a9b90499d881') in 0.214329 seconds
  Import took 0.221185 seconds .

========================================================================
Received Import Request.
  Time since last request: 9.311358 seconds.
  path: Assets/Prefabs/GroundTeste.prefab
  artifactKey: Guid(1731ae0548ad2ba458c572ab6df7b58c) Importer(815301076,1909f56bfc062723c751e8b465ee728b)
Start importing Assets/Prefabs/GroundTeste.prefab using Guid(1731ae0548ad2ba458c572ab6df7b58c) Importer(815301076,1909f56bfc062723c751e8b465ee728b)  -> (artifact id: 'd9317b079afbca1bd831d6282ded5e78') in 0.098236 seconds
  Import took 0.115891 seconds .

========================================================================
Received Import Request.
  Time since last request: 5.325733 seconds.
  path: Assets/Prefabs/GroundTeste.prefab
  artifactKey: Guid(1731ae0548ad2ba458c572ab6df7b58c) Importer(815301076,1909f56bfc062723c751e8b465ee728b)
Start importing Assets/Prefabs/GroundTeste.prefab using Guid(1731ae0548ad2ba458c572ab6df7b58c) Importer(815301076,1909f56bfc062723c751e8b465ee728b)  -> (artifact id: 'ab5e8878d0dfc853ca8a6536e65e2d86') in 0.102097 seconds
  Import took 0.119258 seconds .

========================================================================
Received Prepare
Registering precompiled user dll's ...
Registered in 0.001669 seconds.
Begin MonoManager ReloadAssembly
Native extension for WindowsStandalone target not found
Refreshing native plugins compatible for Editor in 0.60 ms, found 0 plugins.
Preloading 0 native plugins for Editor in 0.00 ms.
Invoked RoslynAnalysisRunner static constructor.
RoslynAnalysisRunner will not be running.
RoslynAnalysisRunner has terminated.
Mono: successfully reloaded assembly
- Completed reload, in  1.940 seconds
Platform modules already initialized, skipping
Refreshing native plugins compatible for Editor in 0.51 ms, found 0 plugins.
Preloading 0 native plugins for Editor in 0.00 ms.
Unloading 1120 Unused Serialized files (Serialized files now loaded: 0)
System memory in use before: 62.2 MB.
System memory in use after: 62.3 MB.

Unloading 5 unused Assets to reduce memory usage. Loaded Objects now: 1602.
Total: 3.032500 ms (FindLiveObjects: 0.260600 ms CreateObjectMapping: 0.061000 ms MarkObjects: 2.616400 ms  DeleteObjects: 0.092800 ms)

========================================================================
Received Import Request.
  Time since last request: 58.753493 seconds.
  path: Assets/Prefabs/GroundTeste.prefab
  artifactKey: Guid(1731ae0548ad2ba458c572ab6df7b58c) Importer(815301076,1909f56bfc062723c751e8b465ee728b)
Start importing Assets/Prefabs/GroundTeste.prefab using Guid(1731ae0548ad2ba458c572ab6df7b58c) Importer(815301076,1909f56bfc062723c751e8b465ee728b)  -> (artifact id: 'e5af21f9177a08ac19d1a81ead03ac20') in 0.162320 seconds
  Import took 0.166646 seconds .

========================================================================
Received Import Request.
  Time since last request: 1.243141 seconds.
  path: Assets/Prefabs/GroundTeste.prefab
  artifactKey: Guid(1731ae0548ad2ba458c572ab6df7b58c) Importer(815301076,1909f56bfc062723c751e8b465ee728b)
Start importing Assets/Prefabs/GroundTeste.prefab using Guid(1731ae0548ad2ba458c572ab6df7b58c) Importer(815301076,1909f56bfc062723c751e8b465ee728b)  -> (artifact id: 'f88f0221d5c7a2693085f63067d62ab3') in 0.061035 seconds
  Import took 0.069602 seconds .

========================================================================
Received Import Request.
  Time since last request: 21.381105 seconds.
  path: Assets/Prefabs/GroundTeste.prefab
  artifactKey: Guid(1731ae0548ad2ba458c572ab6df7b58c) Importer(815301076,1909f56bfc062723c751e8b465ee728b)
Start importing Assets/Prefabs/GroundTeste.prefab using Guid(1731ae0548ad2ba458c572ab6df7b58c) Importer(815301076,1909f56bfc062723c751e8b465ee728b)  -> (artifact id: 'ad297330866a007bcdb613469749b794') in 0.074333 seconds
  Import took 0.081374 seconds .

========================================================================
Received Import Request.
  Time since last request: 18.340731 seconds.
  path: Assets/Prefabs/GroundTeste.prefab
  artifactKey: Guid(1731ae0548ad2ba458c572ab6df7b58c) Importer(815301076,1909f56bfc062723c751e8b465ee728b)
Start importing Assets/Prefabs/GroundTeste.prefab using Guid(1731ae0548ad2ba458c572ab6df7b58c) Importer(815301076,1909f56bfc062723c751e8b465ee728b)  -> (artifact id: '60e15210f8688a0f29e462894e47c5c1') in 0.075542 seconds
  Import took 0.091534 seconds .

========================================================================
Received Prepare
Registering precompiled user dll's ...
Registered in 0.001628 seconds.
Begin MonoManager ReloadAssembly
Native extension for WindowsStandalone target not found
Refreshing native plugins compatible for Editor in 0.30 ms, found 0 plugins.
Preloading 0 native plugins for Editor in 0.00 ms.
Invoked RoslynAnalysisRunner static constructor.
RoslynAnalysisRunner will not be running.
RoslynAnalysisRunner has terminated.
Mono: successfully reloaded assembly
- Completed reload, in  1.689 seconds
Platform modules already initialized, skipping
Refreshing native plugins compatible for Editor in 0.30 ms, found 0 plugins.
Preloading 0 native plugins for Editor in 0.00 ms.
Unloading 1120 Unused Serialized files (Serialized files now loaded: 0)
System memory in use before: 62.2 MB.
System memory in use after: 62.3 MB.

Unloading 5 unused Assets to reduce memory usage. Loaded Objects now: 1606.
Total: 3.254400 ms (FindLiveObjects: 0.272700 ms CreateObjectMapping: 0.096400 ms MarkObjects: 2.791600 ms  DeleteObjects: 0.092000 ms)

========================================================================
Received Prepare
Registering precompiled user dll's ...
Registered in 0.001535 seconds.
Begin MonoManager ReloadAssembly
Native extension for WindowsStandalone target not found
Refreshing native plugins compatible for Editor in 0.38 ms, found 0 plugins.
Preloading 0 native plugins for Editor in 0.00 ms.
Invoked RoslynAnalysisRunner static constructor.
RoslynAnalysisRunner will not be running.
RoslynAnalysisRunner has terminated.
Mono: successfully reloaded assembly
- Completed reload, in  2.035 seconds
Platform modules already initialized, skipping
Refreshing native plugins compatible for Editor in 0.36 ms, found 0 plugins.
Preloading 0 native plugins for Editor in 0.00 ms.
Unloading 1120 Unused Serialized files (Serialized files now loaded: 0)
System memory in use before: 62.2 MB.
System memory in use after: 62.3 MB.

Unloading 5 unused Assets to reduce memory usage. Loaded Objects now: 1609.
Total: 3.799900 ms (FindLiveObjects: 0.260300 ms CreateObjectMapping: 0.111400 ms MarkObjects: 3.339300 ms  DeleteObjects: 0.086600 ms)

========================================================================
Received Import Request.
  Time since last request: 172.619054 seconds.
  path: Assets/Prefabs/WheyProtein.prefab
  artifactKey: Guid(b1a422cf7528f4a4c8bdb66a38f877fb) Importer(815301076,1909f56bfc062723c751e8b465ee728b)
Start importing Assets/Prefabs/WheyProtein.prefab using Guid(b1a422cf7528f4a4c8bdb66a38f877fb) Importer(815301076,1909f56bfc062723c751e8b465ee728b)  -> (artifact id: 'cc59574da081336f8026c4f12bed090e') in 0.174617 seconds
  Import took 0.181787 seconds .

========================================================================
Received Import Request.
  Time since last request: 19.632108 seconds.
  path: Assets/Prefabs/WheyProtein.prefab
  artifactKey: Guid(b1a422cf7528f4a4c8bdb66a38f877fb) Importer(815301076,1909f56bfc062723c751e8b465ee728b)
Start importing Assets/Prefabs/WheyProtein.prefab using Guid(b1a422cf7528f4a4c8bdb66a38f877fb) Importer(815301076,1909f56bfc062723c751e8b465ee728b)  -> (artifact id: 'a278638414f9b9e2bdcb6033a29e63e3') in 0.045334 seconds
  Import took 0.052144 seconds .

========================================================================
Received Import Request.
  Time since last request: 6.534253 seconds.
  path: Assets/Prefabs/WheyProtein.prefab
  artifactKey: Guid(b1a422cf7528f4a4c8bdb66a38f877fb) Importer(815301076,1909f56bfc062723c751e8b465ee728b)
Start importing Assets/Prefabs/WheyProtein.prefab using Guid(b1a422cf7528f4a4c8bdb66a38f877fb) Importer(815301076,1909f56bfc062723c751e8b465ee728b)  -> (artifact id: '478804fefbe283a3d2b15e730f2ba305') in 0.052434 seconds
  Import took 0.057812 seconds .

========================================================================
Received Import Request.
  Time since last request: 67.564416 seconds.
  path: Assets/Prefabs/GroundTeste.prefab
  artifactKey: Guid(1731ae0548ad2ba458c572ab6df7b58c) Importer(815301076,1909f56bfc062723c751e8b465ee728b)
Start importing Assets/Prefabs/GroundTeste.prefab using Guid(1731ae0548ad2ba458c572ab6df7b58c) Importer(815301076,1909f56bfc062723c751e8b465ee728b)  -> (artifact id: 'aa23309082d200e87e62045cbf2ac298') in 0.118510 seconds
  Import took 0.130891 seconds .

========================================================================
Received Import Request.
  Time since last request: 4.480178 seconds.
  path: Assets/Prefabs/GroundTeste.prefab
  artifactKey: Guid(1731ae0548ad2ba458c572ab6df7b58c) Importer(815301076,1909f56bfc062723c751e8b465ee728b)
Start importing Assets/Prefabs/GroundTeste.prefab using Guid(1731ae0548ad2ba458c572ab6df7b58c) Importer(815301076,1909f56bfc062723c751e8b465ee728b)  -> (artifact id: '38e33d513661e4d681d8fab69b22b482') in 0.062834 seconds
  Import took 0.075621 seconds .

========================================================================
Received Import Request.
  Time since last request: 14.036590 seconds.
  path: Assets/Prefabs/GroundTeste.prefab
  artifactKey: Guid(1731ae0548ad2ba458c572ab6df7b58c) Importer(815301076,1909f56bfc062723c751e8b465ee728b)
Start importing Assets/Prefabs/GroundTeste.prefab using Guid(1731ae0548ad2ba458c572ab6df7b58c) Importer(815301076,1909f56bfc062723c751e8b465ee728b)  -> (artifact id: 'ba836c14667cb8fcb27706171e403c11') in 0.119077 seconds
  Import took 0.131800 seconds .

========================================================================
Received Import Request.
  Time since last request: 5.033380 seconds.
  path: Assets/Prefabs/GroundTeste.prefab
  artifactKey: Guid(1731ae0548ad2ba458c572ab6df7b58c) Importer(815301076,1909f56bfc062723c751e8b465ee728b)
Start importing Assets/Prefabs/GroundTeste.prefab using Guid(1731ae0548ad2ba458c572ab6df7b58c) Importer(815301076,1909f56bfc062723c751e8b465ee728b)  -> (artifact id: '2c5018f779c6f713fc90ef9d5d537dee') in 0.108895 seconds
  Import took 0.124068 seconds .

========================================================================
Received Import Request.
  Time since last request: 18.042198 seconds.
  path: Assets/Prefabs/GroundTeste.prefab
  artifactKey: Guid(1731ae0548ad2ba458c572ab6df7b58c) Importer(815301076,1909f56bfc062723c751e8b465ee728b)
Start importing Assets/Prefabs/GroundTeste.prefab using Guid(1731ae0548ad2ba458c572ab6df7b58c) Importer(815301076,1909f56bfc062723c751e8b465ee728b)  -> (artifact id: '18ee9539a5988f31b203f58196619d1c') in 0.136183 seconds
  Import took 0.155789 seconds .

========================================================================
Received Prepare
Registering precompiled user dll's ...
Registered in 0.003328 seconds.
Begin MonoManager ReloadAssembly
Native extension for WindowsStandalone target not found
Refreshing native plugins compatible for Editor in 0.36 ms, found 0 plugins.
Preloading 0 native plugins for Editor in 0.00 ms.
Invoked RoslynAnalysisRunner static constructor.
RoslynAnalysisRunner will not be running.
RoslynAnalysisRunner has terminated.
Mono: successfully reloaded assembly
- Completed reload, in  1.974 seconds
Platform modules already initialized, skipping
Refreshing native plugins compatible for Editor in 0.37 ms, found 0 plugins.
Preloading 0 native plugins for Editor in 0.00 ms.
Unloading 1120 Unused Serialized files (Serialized files now loaded: 0)
System memory in use before: 62.3 MB.
System memory in use after: 62.3 MB.

Unloading 5 unused Assets to reduce memory usage. Loaded Objects now: 1613.
Total: 3.313500 ms (FindLiveObjects: 0.272100 ms CreateObjectMapping: 0.081200 ms MarkObjects: 2.841900 ms  DeleteObjects: 0.116200 ms)

========================================================================
Received Prepare
Registering precompiled user dll's ...
Registered in 0.001185 seconds.
Begin MonoManager ReloadAssembly
Native extension for WindowsStandalone target not found
Refreshing native plugins compatible for Editor in 0.37 ms, found 0 plugins.
Preloading 0 native plugins for Editor in 0.00 ms.
Invoked RoslynAnalysisRunner static constructor.
RoslynAnalysisRunner will not be running.
RoslynAnalysisRunner has terminated.
Mono: successfully reloaded assembly
- Completed reload, in  1.880 seconds
Platform modules already initialized, skipping
Refreshing native plugins compatible for Editor in 0.80 ms, found 0 plugins.
Preloading 0 native plugins for Editor in 0.00 ms.
Unloading 1120 Unused Serialized files (Serialized files now loaded: 0)
System memory in use before: 62.3 MB.
System memory in use after: 62.3 MB.

Unloading 5 unused Assets to reduce memory usage. Loaded Objects now: 1616.
Total: 6.526500 ms (FindLiveObjects: 0.899200 ms CreateObjectMapping: 0.129400 ms MarkObjects: 5.315500 ms  DeleteObjects: 0.176500 ms)

========================================================================
Received Import Request.
  Time since last request: 428.090299 seconds.
  path: Assets/Prefabs/WheyProtein.prefab
  artifactKey: Guid(b1a422cf7528f4a4c8bdb66a38f877fb) Importer(815301076,1909f56bfc062723c751e8b465ee728b)
Start importing Assets/Prefabs/WheyProtein.prefab using Guid(b1a422cf7528f4a4c8bdb66a38f877fb) Importer(815301076,1909f56bfc062723c751e8b465ee728b)  -> (artifact id: '14dd9944ca385bda6bd3ae9ea914415f') in 0.132004 seconds
  Import took 0.136554 seconds .

========================================================================
Received Import Request.
  Time since last request: 3.437599 seconds.
  path: Assets/Prefabs/WheyProtein.prefab
  artifactKey: Guid(b1a422cf7528f4a4c8bdb66a38f877fb) Importer(815301076,1909f56bfc062723c751e8b465ee728b)
Start importing Assets/Prefabs/WheyProtein.prefab using Guid(b1a422cf7528f4a4c8bdb66a38f877fb) Importer(815301076,1909f56bfc062723c751e8b465ee728b)  -> (artifact id: '4f0f024e4a25ae257e18f003863b6c78') in 0.039933 seconds
  Import took 0.045206 seconds .

========================================================================
Received Prepare
Registering precompiled user dll's ...
Registered in 0.001184 seconds.
Begin MonoManager ReloadAssembly
Native extension for WindowsStandalone target not found
Refreshing native plugins compatible for Editor in 0.32 ms, found 0 plugins.
Preloading 0 native plugins for Editor in 0.00 ms.
Invoked RoslynAnalysisRunner static constructor.
RoslynAnalysisRunner will not be running.
RoslynAnalysisRunner has terminated.
Mono: successfully reloaded assembly
- Completed reload, in  2.308 seconds
Platform modules already initialized, skipping
Refreshing native plugins compatible for Editor in 0.39 ms, found 0 plugins.
Preloading 0 native plugins for Editor in 0.00 ms.
Unloading 1120 Unused Serialized files (Serialized files now loaded: 0)
System memory in use before: 62.3 MB.
System memory in use after: 62.3 MB.

Unloading 5 unused Assets to reduce memory usage. Loaded Objects now: 1620.
Total: 4.284600 ms (FindLiveObjects: 0.263400 ms CreateObjectMapping: 0.094300 ms MarkObjects: 3.819200 ms  DeleteObjects: 0.105500 ms)

========================================================================
Received Import Request.
  Time since last request: 131.447386 seconds.
  path: Assets/Scripts/GameManager.cs
  artifactKey: Guid(deb124a086b720542baa2d6cb38b9765) Importer(815301076,1909f56bfc062723c751e8b465ee728b)
Start importing Assets/Scripts/GameManager.cs using Guid(deb124a086b720542baa2d6cb38b9765) Importer(815301076,1909f56bfc062723c751e8b465ee728b)  -> (artifact id: 'f5ae0008cf648a1c5c37147e08de7a78') in 0.025148 seconds
  Import took 0.029787 seconds .

========================================================================
Received Prepare
Registering precompiled user dll's ...
Registered in 0.001487 seconds.
Begin MonoManager ReloadAssembly
Native extension for WindowsStandalone target not found
Refreshing native plugins compatible for Editor in 0.37 ms, found 0 plugins.
Preloading 0 native plugins for Editor in 0.00 ms.
Invoked RoslynAnalysisRunner static constructor.
RoslynAnalysisRunner will not be running.
RoslynAnalysisRunner has terminated.
Mono: successfully reloaded assembly
- Completed reload, in  1.856 seconds
Platform modules already initialized, skipping
Refreshing native plugins compatible for Editor in 0.37 ms, found 0 plugins.
Preloading 0 native plugins for Editor in 0.00 ms.
Unloading 1121 Unused Serialized files (Serialized files now loaded: 0)
System memory in use before: 62.3 MB.
System memory in use after: 62.4 MB.

Unloading 5 unused Assets to reduce memory usage. Loaded Objects now: 1624.
Total: 3.442300 ms (FindLiveObjects: 0.216300 ms CreateObjectMapping: 0.070700 ms MarkObjects: 3.028000 ms  DeleteObjects: 0.124900 ms)

========================================================================
Received Import Request.
  Time since last request: 6.854817 seconds.
  path: Assets/Scripts/WheyProtein.cs
  artifactKey: Guid(5c90b493191f59348b375131acf1b3dc) Importer(815301076,1909f56bfc062723c751e8b465ee728b)
Start importing Assets/Scripts/WheyProtein.cs using Guid(5c90b493191f59348b375131acf1b3dc) Importer(815301076,1909f56bfc062723c751e8b465ee728b)  -> (artifact id: '2fa5b8354d651551301dc80920320931') in 0.025299 seconds
  Import took 0.034010 seconds .

========================================================================
Received Import Request.
  Time since last request: 10.150666 seconds.
  path: Assets/Scripts/GameManager1.cs
  artifactKey: Guid(2952557bd6f929a4486b82e16b7166ec) Importer(815301076,1909f56bfc062723c751e8b465ee728b)
Start importing Assets/Scripts/GameManager1.cs using Guid(2952557bd6f929a4486b82e16b7166ec) Importer(815301076,1909f56bfc062723c751e8b465ee728b)  -> (artifact id: 'a475f8ec1bd069edc544802d54150837') in 0.032029 seconds
  Import took 0.048599 seconds .

========================================================================
Received Import Request.
  Time since last request: 0.002263 seconds.
  path: Assets/Scripts/GameManager1.cs
  artifactKey: Guid(2952557bd6f929a4486b82e16b7166ec) Importer(815301076,1909f56bfc062723c751e8b465ee728b)
Start importing Assets/Scripts/GameManager1.cs using Guid(2952557bd6f929a4486b82e16b7166ec) Importer(815301076,1909f56bfc062723c751e8b465ee728b)  -> (artifact id: 'a475f8ec1bd069edc544802d54150837') in 0.032855 seconds
  Import took 0.056042 seconds .

========================================================================
Received Prepare
Registering precompiled user dll's ...
Registered in 0.001220 seconds.
Begin MonoManager ReloadAssembly
Native extension for WindowsStandalone target not found
Refreshing native plugins compatible for Editor in 0.37 ms, found 0 plugins.
Preloading 0 native plugins for Editor in 0.00 ms.
Invoked RoslynAnalysisRunner static constructor.
RoslynAnalysisRunner will not be running.
RoslynAnalysisRunner has terminated.
Mono: successfully reloaded assembly
- Completed reload, in  1.812 seconds
Platform modules already initialized, skipping
Refreshing native plugins compatible for Editor in 0.37 ms, found 0 plugins.
Preloading 0 native plugins for Editor in 0.00 ms.
Unloading 1122 Unused Serialized files (Serialized files now loaded: 0)
System memory in use before: 62.3 MB.
System memory in use after: 62.4 MB.

Unloading 5 unused Assets to reduce memory usage. Loaded Objects now: 1628.
Total: 3.290200 ms (FindLiveObjects: 0.245800 ms CreateObjectMapping: 0.069100 ms MarkObjects: 2.825800 ms  DeleteObjects: 0.147000 ms)

========================================================================
Received Prepare
Registering precompiled user dll's ...
Registered in 0.001256 seconds.
Begin MonoManager ReloadAssembly
Native extension for WindowsStandalone target not found
Refreshing native plugins compatible for Editor in 0.37 ms, found 0 plugins.
Preloading 0 native plugins for Editor in 0.00 ms.
Invoked RoslynAnalysisRunner static constructor.
RoslynAnalysisRunner will not be running.
RoslynAnalysisRunner has terminated.
Mono: successfully reloaded assembly
- Completed reload, in  1.737 seconds
Platform modules already initialized, skipping
Refreshing native plugins compatible for Editor in 0.37 ms, found 0 plugins.
Preloading 0 native plugins for Editor in 0.00 ms.
Unloading 1121 Unused Serialized files (Serialized files now loaded: 0)
System memory in use before: 62.3 MB.
System memory in use after: 62.4 MB.

Unloading 6 unused Assets to reduce memory usage. Loaded Objects now: 1630.
Total: 3.787000 ms (FindLiveObjects: 0.237500 ms CreateObjectMapping: 0.088900 ms MarkObjects: 3.368200 ms  DeleteObjects: 0.089600 ms)

========================================================================
Received Import Request.
  Time since last request: 21.923487 seconds.
  path: Assets/Scripts/GameManager.cs
  artifactKey: Guid(2952557bd6f929a4486b82e16b7166ec) Importer(815301076,1909f56bfc062723c751e8b465ee728b)
Start importing Assets/Scripts/GameManager.cs using Guid(2952557bd6f929a4486b82e16b7166ec) Importer(815301076,1909f56bfc062723c751e8b465ee728b)  -> (artifact id: '018832f0e9a8085c486dcb69ec613ec7') in 0.038385 seconds
  Import took 0.046292 seconds .

========================================================================
Received Import Request.
  Time since last request: 0.004205 seconds.
  path: Assets/Scripts/GameManager.cs
  artifactKey: Guid(2952557bd6f929a4486b82e16b7166ec) Importer(815301076,1909f56bfc062723c751e8b465ee728b)
Start importing Assets/Scripts/GameManager.cs using Guid(2952557bd6f929a4486b82e16b7166ec) Importer(815301076,1909f56bfc062723c751e8b465ee728b)  -> (artifact id: '018832f0e9a8085c486dcb69ec613ec7') in 0.019975 seconds
  Import took 0.025127 seconds .

========================================================================
Received Prepare
Registering precompiled user dll's ...
Registered in 0.001158 seconds.
Begin MonoManager ReloadAssembly
Native extension for WindowsStandalone target not found
Refreshing native plugins compatible for Editor in 0.38 ms, found 0 plugins.
Preloading 0 native plugins for Editor in 0.00 ms.
Invoked RoslynAnalysisRunner static constructor.
RoslynAnalysisRunner will not be running.
RoslynAnalysisRunner has terminated.
Mono: successfully reloaded assembly
- Completed reload, in  1.765 seconds
Platform modules already initialized, skipping
Refreshing native plugins compatible for Editor in 0.35 ms, found 0 plugins.
Preloading 0 native plugins for Editor in 0.00 ms.
Unloading 1121 Unused Serialized files (Serialized files now loaded: 0)
System memory in use before: 62.3 MB.
System memory in use after: 62.4 MB.

Unloading 5 unused Assets to reduce memory usage. Loaded Objects now: 1633.
Total: 4.216700 ms (FindLiveObjects: 0.267700 ms CreateObjectMapping: 0.090800 ms MarkObjects: 3.741600 ms  DeleteObjects: 0.113800 ms)

========================================================================
Received Prepare
Registering precompiled user dll's ...
Registered in 0.001846 seconds.
Begin MonoManager ReloadAssembly
Native extension for WindowsStandalone target not found
Refreshing native plugins compatible for Editor in 0.41 ms, found 0 plugins.
Preloading 0 native plugins for Editor in 0.00 ms.
Invoked RoslynAnalysisRunner static constructor.
RoslynAnalysisRunner will not be running.
RoslynAnalysisRunner has terminated.
Mono: successfully reloaded assembly
- Completed reload, in  2.060 seconds
Platform modules already initialized, skipping
Refreshing native plugins compatible for Editor in 0.36 ms, found 0 plugins.
Preloading 0 native plugins for Editor in 0.00 ms.
Unloading 1121 Unused Serialized files (Serialized files now loaded: 0)
System memory in use before: 62.3 MB.
System memory in use after: 62.4 MB.

Unloading 5 unused Assets to reduce memory usage. Loaded Objects now: 1636.
Total: 3.795400 ms (FindLiveObjects: 0.435800 ms CreateObjectMapping: 0.105100 ms MarkObjects: 3.132900 ms  DeleteObjects: 0.119500 ms)

========================================================================
Received Import Request.
  Time since last request: 214.006677 seconds.
  path: Assets/Scripts/GameManager.cs
  artifactKey: Guid(2952557bd6f929a4486b82e16b7166ec) Importer(815301076,1909f56bfc062723c751e8b465ee728b)
Start importing Assets/Scripts/GameManager.cs using Guid(2952557bd6f929a4486b82e16b7166ec) Importer(815301076,1909f56bfc062723c751e8b465ee728b)  -> (artifact id: '5fae3f8f851a630ed8899269a39ed778') in 0.009601 seconds
  Import took 0.013737 seconds .

========================================================================
Received Import Request.
  Time since last request: 700.864256 seconds.
  path: Assets/Scripts/WaterTeste.cs
  artifactKey: Guid(330aa6b547978e443a769b182c54e097) Importer(815301076,1909f56bfc062723c751e8b465ee728b)
Start importing Assets/Scripts/WaterTeste.cs using Guid(330aa6b547978e443a769b182c54e097) Importer(815301076,1909f56bfc062723c751e8b465ee728b)  -> (artifact id: 'b2e861fb46678a44ac4112a17f0a5db8') in 0.020167 seconds
  Import took 0.026791 seconds .

========================================================================
Received Prepare
Registering precompiled user dll's ...
Registered in 0.001198 seconds.
Begin MonoManager ReloadAssembly
Native extension for WindowsStandalone target not found
Refreshing native plugins compatible for Editor in 0.73 ms, found 0 plugins.
Preloading 0 native plugins for Editor in 0.00 ms.
Invoked RoslynAnalysisRunner static constructor.
RoslynAnalysisRunner will not be running.
RoslynAnalysisRunner has terminated.
Mono: successfully reloaded assembly
- Completed reload, in  1.767 seconds
Platform modules already initialized, skipping
Refreshing native plugins compatible for Editor in 0.35 ms, found 0 plugins.
Preloading 0 native plugins for Editor in 0.00 ms.
Unloading 1121 Unused Serialized files (Serialized files now loaded: 0)
System memory in use before: 62.3 MB.
System memory in use after: 62.4 MB.

Unloading 5 unused Assets to reduce memory usage. Loaded Objects now: 1639.
Total: 3.862900 ms (FindLiveObjects: 0.241200 ms CreateObjectMapping: 0.097200 ms MarkObjects: 3.402300 ms  DeleteObjects: 0.119600 ms)

========================================================================
Received Prepare
Registering precompiled user dll's ...
Registered in 0.001166 seconds.
Begin MonoManager ReloadAssembly
Native extension for WindowsStandalone target not found
Refreshing native plugins compatible for Editor in 0.37 ms, found 0 plugins.
Preloading 0 native plugins for Editor in 0.00 ms.
Invoked RoslynAnalysisRunner static constructor.
RoslynAnalysisRunner will not be running.
RoslynAnalysisRunner has terminated.
Mono: successfully reloaded assembly
- Completed reload, in  1.826 seconds
Platform modules already initialized, skipping
Refreshing native plugins compatible for Editor in 0.41 ms, found 0 plugins.
Preloading 0 native plugins for Editor in 0.00 ms.
Unloading 1121 Unused Serialized files (Serialized files now loaded: 0)
System memory in use before: 62.3 MB.
System memory in use after: 62.4 MB.

Unloading 5 unused Assets to reduce memory usage. Loaded Objects now: 1642.
Total: 3.662900 ms (FindLiveObjects: 0.219400 ms CreateObjectMapping: 0.064200 ms MarkObjects: 3.255600 ms  DeleteObjects: 0.120900 ms)

========================================================================
Received Prepare
Registering precompiled user dll's ...
Registered in 0.001161 seconds.
Begin MonoManager ReloadAssembly
Native extension for WindowsStandalone target not found
Refreshing native plugins compatible for Editor in 0.38 ms, found 0 plugins.
Preloading 0 native plugins for Editor in 0.00 ms.
Invoked RoslynAnalysisRunner static constructor.
RoslynAnalysisRunner will not be running.
RoslynAnalysisRunner has terminated.
Mono: successfully reloaded assembly
- Completed reload, in  1.747 seconds
Platform modules already initialized, skipping
Refreshing native plugins compatible for Editor in 0.47 ms, found 0 plugins.
Preloading 0 native plugins for Editor in 0.00 ms.
Unloading 1121 Unused Serialized files (Serialized files now loaded: 0)
System memory in use before: 62.3 MB.
System memory in use after: 62.4 MB.

Unloading 5 unused Assets to reduce memory usage. Loaded Objects now: 1645.
Total: 4.354900 ms (FindLiveObjects: 0.299300 ms CreateObjectMapping: 0.102300 ms MarkObjects: 3.853500 ms  DeleteObjects: 0.097100 ms)

========================================================================
Received Prepare
Registering precompiled user dll's ...
Registered in 0.001738 seconds.
Begin MonoManager ReloadAssembly
Native extension for WindowsStandalone target not found
Refreshing native plugins compatible for Editor in 0.39 ms, found 0 plugins.
Preloading 0 native plugins for Editor in 0.00 ms.
Invoked RoslynAnalysisRunner static constructor.
RoslynAnalysisRunner will not be running.
RoslynAnalysisRunner has terminated.
Mono: successfully reloaded assembly
- Completed reload, in  1.997 seconds
Platform modules already initialized, skipping
Refreshing native plugins compatible for Editor in 0.36 ms, found 0 plugins.
Preloading 0 native plugins for Editor in 0.00 ms.
Unloading 1121 Unused Serialized files (Serialized files now loaded: 0)
System memory in use before: 62.3 MB.
System memory in use after: 62.4 MB.

Unloading 5 unused Assets to reduce memory usage. Loaded Objects now: 1648.
Total: 3.702000 ms (FindLiveObjects: 0.271900 ms CreateObjectMapping: 0.077900 ms MarkObjects: 3.240400 ms  DeleteObjects: 0.109200 ms)

========================================================================
Received Prepare
Registering precompiled user dll's ...
Registered in 0.001166 seconds.
Begin MonoManager ReloadAssembly
Native extension for WindowsStandalone target not found
Refreshing native plugins compatible for Editor in 0.46 ms, found 0 plugins.
Preloading 0 native plugins for Editor in 0.00 ms.
Invoked RoslynAnalysisRunner static constructor.
RoslynAnalysisRunner will not be running.
RoslynAnalysisRunner has terminated.
Mono: successfully reloaded assembly
- Completed reload, in  2.065 seconds
Platform modules already initialized, skipping
Refreshing native plugins compatible for Editor in 0.38 ms, found 0 plugins.
Preloading 0 native plugins for Editor in 0.00 ms.
Unloading 1121 Unused Serialized files (Serialized files now loaded: 0)
System memory in use before: 62.3 MB.
System memory in use after: 62.4 MB.

Unloading 5 unused Assets to reduce memory usage. Loaded Objects now: 1651.
Total: 4.333100 ms (FindLiveObjects: 0.340700 ms CreateObjectMapping: 0.133300 ms MarkObjects: 3.728600 ms  DeleteObjects: 0.127700 ms)

========================================================================
Received Prepare
Registering precompiled user dll's ...
Registered in 0.001801 seconds.
Begin MonoManager ReloadAssembly
Native extension for WindowsStandalone target not found
Refreshing native plugins compatible for Editor in 0.32 ms, found 0 plugins.
Preloading 0 native plugins for Editor in 0.00 ms.
Invoked RoslynAnalysisRunner static constructor.
RoslynAnalysisRunner will not be running.
RoslynAnalysisRunner has terminated.
Mono: successfully reloaded assembly
- Completed reload, in  2.038 seconds
Platform modules already initialized, skipping
Refreshing native plugins compatible for Editor in 0.31 ms, found 0 plugins.
Preloading 0 native plugins for Editor in 0.00 ms.
Unloading 1121 Unused Serialized files (Serialized files now loaded: 0)
System memory in use before: 62.3 MB.
System memory in use after: 62.4 MB.

Unloading 5 unused Assets to reduce memory usage. Loaded Objects now: 1654.
Total: 4.946300 ms (FindLiveObjects: 0.683000 ms CreateObjectMapping: 0.187200 ms MarkObjects: 3.928100 ms  DeleteObjects: 0.144500 ms)

========================================================================
Received Prepare
Registering precompiled user dll's ...
Registered in 0.002977 seconds.
Begin MonoManager ReloadAssembly
Native extension for WindowsStandalone target not found
Refreshing native plugins compatible for Editor in 0.49 ms, found 0 plugins.
Preloading 0 native plugins for Editor in 0.00 ms.
Invoked RoslynAnalysisRunner static constructor.
RoslynAnalysisRunner will not be running.
RoslynAnalysisRunner has terminated.
Mono: successfully reloaded assembly
- Completed reload, in  2.459 seconds
Platform modules already initialized, skipping
Refreshing native plugins compatible for Editor in 0.47 ms, found 0 plugins.
Preloading 0 native plugins for Editor in 0.00 ms.
Unloading 1121 Unused Serialized files (Serialized files now loaded: 0)
System memory in use before: 62.4 MB.
System memory in use after: 62.4 MB.

Unloading 5 unused Assets to reduce memory usage. Loaded Objects now: 1657.
Total: 3.752000 ms (FindLiveObjects: 0.301000 ms CreateObjectMapping: 0.108800 ms MarkObjects: 3.217900 ms  DeleteObjects: 0.122100 ms)

AssetImportWorkerClient::OnTransportError - code=2 error=End of file
