Using pre-set license
Built from '2020.3/release' branch; Version is '2020.3.2f1 (8fd9074bf66c) revision 9427207'; Using compiler version '192528614'; Build Type 'Release'
OS: 'Windows 10 Home Single Language; OS build 19042.928; Version 2009; 64bit' Language: 'pt' Physical Memory: 8066 MB
BatchMode: 1, IsHumanControllingUs: 0, StartBugReporterOnCrash: 0, Is64bit: 1, IsPro: 0

 COMMAND LINE ARGUMENTS:
C:\Program Files\Unity\Hub\Editor\2020.3.2f1\Editor\Unity.exe
-adb2
-batchMode
-noUpm
-name
AssetImportWorker0
-projectPath
C:/Users/Maria Luize/Downloads/bloco 8/CompGrafica_ProcessImagem/Finding-the-Whey/Projeto_3DGame_versaoLuize
-logFile
Logs/AssetImportWorker0.log
-srvPort
62160
Successfully changed project path to: C:/Users/Maria Luize/Downloads/bloco 8/CompGrafica_ProcessImagem/Finding-the-Whey/Projeto_3DGame_versaoLuize
C:/Users/Maria Luize/Downloads/bloco 8/CompGrafica_ProcessImagem/Finding-the-Whey/Projeto_3DGame_versaoLuize
Using Asset Import Pipeline V2.
Refreshing native plugins compatible for Editor in 85.09 ms, found 0 plugins.
Preloading 0 native plugins for Editor in 0.00 ms.
Initialize engine version: 2020.3.2f1 (8fd9074bf66c)
[Subsystems] Discovering subsystems at path C:/Program Files/Unity/Hub/Editor/2020.3.2f1/Editor/Data/Resources/UnitySubsystems
[Subsystems] Discovering subsystems at path C:/Users/Maria Luize/Downloads/bloco 8/CompGrafica_ProcessImagem/Finding-the-Whey/Projeto_3DGame_versaoLuize/Assets
GfxDevice: creating device client; threaded=0
Direct3D:
    Version:  Direct3D 11.0 [level 11.1]
    Renderer: Intel(R) HD Graphics 520 (ID=0x1921)
    Vendor:   
    VRAM:     4033 MB
    Driver:   27.20.100.8681
Initialize mono
Mono path[0] = 'C:/Program Files/Unity/Hub/Editor/2020.3.2f1/Editor/Data/Managed'
Mono path[1] = 'C:/Program Files/Unity/Hub/Editor/2020.3.2f1/Editor/Data/MonoBleedingEdge/lib/mono/unityjit'
Mono config path = 'C:/Program Files/Unity/Hub/Editor/2020.3.2f1/Editor/Data/MonoBleedingEdge/etc'
Using monoOptions --debugger-agent=transport=dt_socket,embedding=1,server=y,suspend=n,address=127.0.0.1:56456
Begin MonoManager ReloadAssembly
Registering precompiled unity dll's ...
Register platform support module: C:/Program Files/Unity/Hub/Editor/2020.3.2f1/Editor/Data/PlaybackEngines/WindowsStandaloneSupport/UnityEditor.WindowsStandalone.Extensions.dll
Registered in 0.004770 seconds.
Native extension for WindowsStandalone target not found
Refreshing native plugins compatible for Editor in 50.66 ms, found 0 plugins.
Preloading 0 native plugins for Editor in 0.00 ms.
Invoked RoslynAnalysisRunner static constructor.
RoslynAnalysisRunner will not be running.
RoslynAnalysisRunner has terminated.
Mono: successfully reloaded assembly
- Completed reload, in  2.267 seconds
Platform modules already initialized, skipping
Registering precompiled user dll's ...
Registered in 0.001257 seconds.
Begin MonoManager ReloadAssembly
Native extension for WindowsStandalone target not found
Refreshing native plugins compatible for Editor in 0.34 ms, found 0 plugins.
Preloading 0 native plugins for Editor in 0.00 ms.
Invoked RoslynAnalysisRunner static constructor.
RoslynAnalysisRunner will not be running.
RoslynAnalysisRunner has terminated.
Mono: successfully reloaded assembly
- Completed reload, in  2.433 seconds
Platform modules already initialized, skipping
========================================================================
Worker process is ready to serve import requests
Launched and connected shader compiler UnityShaderCompiler.exe after 0.14 seconds
Refreshing native plugins compatible for Editor in 0.47 ms, found 0 plugins.
Preloading 0 native plugins for Editor in 0.00 ms.
Unloading 1124 Unused Serialized files (Serialized files now loaded: 0)
System memory in use before: 59.0 MB.
System memory in use after: 59.0 MB.

Unloading 10 unused Assets to reduce memory usage. Loaded Objects now: 1573.
Total: 4.530300 ms (FindLiveObjects: 0.279000 ms CreateObjectMapping: 0.106100 ms MarkObjects: 3.917100 ms  DeleteObjects: 0.225700 ms)

========================================================================
Received Import Request.
  path: Assets/Prefabs/HurdleObstacle Variant.prefab
  artifactKey: Guid(9b3d4694cbb8dc2439fb07584921cf7f) Importer(815301076,1909f56bfc062723c751e8b465ee728b)
Start importing Assets/Prefabs/HurdleObstacle Variant.prefab using Guid(9b3d4694cbb8dc2439fb07584921cf7f) Importer(815301076,1909f56bfc062723c751e8b465ee728b)  -> (artifact id: '0f7f3779b0eead713aa97fd726c839ed') in 0.476703 seconds
  Import took 0.483933 seconds .

========================================================================
Received Import Request.
  Time since last request: 4.998971 seconds.
  path: Assets/Prefabs/HurdleObstacle Variant.prefab
  artifactKey: Guid(9b3d4694cbb8dc2439fb07584921cf7f) Importer(815301076,1909f56bfc062723c751e8b465ee728b)
Start importing Assets/Prefabs/HurdleObstacle Variant.prefab using Guid(9b3d4694cbb8dc2439fb07584921cf7f) Importer(815301076,1909f56bfc062723c751e8b465ee728b)  -> (artifact id: 'c543524975a8eeb4cbb0cfa7b7a215b7') in 0.039962 seconds
  Import took 0.046864 seconds .

========================================================================
Received Import Request.
  Time since last request: 0.404850 seconds.
  path: Assets/Prefabs/HurdleObstacle Variant.prefab
  artifactKey: Guid(9b3d4694cbb8dc2439fb07584921cf7f) Importer(815301076,1909f56bfc062723c751e8b465ee728b)
Start importing Assets/Prefabs/HurdleObstacle Variant.prefab using Guid(9b3d4694cbb8dc2439fb07584921cf7f) Importer(815301076,1909f56bfc062723c751e8b465ee728b)  -> (artifact id: 'f99c100bd01841711853dc16cab613ec') in 0.045712 seconds
  Import took 0.053293 seconds .

========================================================================
Received Import Request.
  Time since last request: 0.612385 seconds.
  path: Assets/Prefabs/HurdleObstacle Variant.prefab
  artifactKey: Guid(9b3d4694cbb8dc2439fb07584921cf7f) Importer(815301076,1909f56bfc062723c751e8b465ee728b)
Start importing Assets/Prefabs/HurdleObstacle Variant.prefab using Guid(9b3d4694cbb8dc2439fb07584921cf7f) Importer(815301076,1909f56bfc062723c751e8b465ee728b)  -> (artifact id: 'a60254a53980be6b28a6de7df38f7d3a') in 0.037877 seconds
  Import took 0.042005 seconds .

========================================================================
Received Import Request.
  Time since last request: 23.359291 seconds.
  path: Assets/Prefabs/GroundTeste.prefab
  artifactKey: Guid(1731ae0548ad2ba458c572ab6df7b58c) Importer(815301076,1909f56bfc062723c751e8b465ee728b)
Start importing Assets/Prefabs/GroundTeste.prefab using Guid(1731ae0548ad2ba458c572ab6df7b58c) Importer(815301076,1909f56bfc062723c751e8b465ee728b)  -> (artifact id: '456959ea2a25eee3deab268d6c860dd9') in 0.050740 seconds
  Import took 0.059738 seconds .

========================================================================
Received Import Request.
  Time since last request: 13.909695 seconds.
  path: Assets/Prefabs/GroundTeste.prefab
  artifactKey: Guid(1731ae0548ad2ba458c572ab6df7b58c) Importer(815301076,1909f56bfc062723c751e8b465ee728b)
Start importing Assets/Prefabs/GroundTeste.prefab using Guid(1731ae0548ad2ba458c572ab6df7b58c) Importer(815301076,1909f56bfc062723c751e8b465ee728b)  -> (artifact id: 'eea1b586db2000cad300d68e84fa6802') in 0.048680 seconds
  Import took 0.054210 seconds .

========================================================================
Received Import Request.
  Time since last request: 11.879214 seconds.
  path: Assets/Prefabs/GroundTeste.prefab
  artifactKey: Guid(1731ae0548ad2ba458c572ab6df7b58c) Importer(815301076,1909f56bfc062723c751e8b465ee728b)
Start importing Assets/Prefabs/GroundTeste.prefab using Guid(1731ae0548ad2ba458c572ab6df7b58c) Importer(815301076,1909f56bfc062723c751e8b465ee728b)  -> (artifact id: '4bcc537ac6c61554594939c9e44fce0e') in 0.069270 seconds
  Import took 0.077411 seconds .

========================================================================
Received Import Request.
  Time since last request: 5.584466 seconds.
  path: Assets/Prefabs/GroundTeste.prefab
  artifactKey: Guid(1731ae0548ad2ba458c572ab6df7b58c) Importer(815301076,1909f56bfc062723c751e8b465ee728b)
Start importing Assets/Prefabs/GroundTeste.prefab using Guid(1731ae0548ad2ba458c572ab6df7b58c) Importer(815301076,1909f56bfc062723c751e8b465ee728b)  -> (artifact id: '9002adb8f8fc1b8c5be7a67e8077709e') in 0.058146 seconds
  Import took 0.065327 seconds .

========================================================================
Received Import Request.
  Time since last request: 26.300532 seconds.
  path: Assets/Prefabs/GroundTeste.prefab
  artifactKey: Guid(1731ae0548ad2ba458c572ab6df7b58c) Importer(815301076,1909f56bfc062723c751e8b465ee728b)
Start importing Assets/Prefabs/GroundTeste.prefab using Guid(1731ae0548ad2ba458c572ab6df7b58c) Importer(815301076,1909f56bfc062723c751e8b465ee728b)  -> (artifact id: '78125435d0b8f02e46fa01587f968e3c') in 0.052870 seconds
  Import took 0.060827 seconds .

========================================================================
Received Import Request.
  Time since last request: 5.246049 seconds.
  path: Assets/Prefabs/GroundTeste.prefab
  artifactKey: Guid(1731ae0548ad2ba458c572ab6df7b58c) Importer(815301076,1909f56bfc062723c751e8b465ee728b)
Start importing Assets/Prefabs/GroundTeste.prefab using Guid(1731ae0548ad2ba458c572ab6df7b58c) Importer(815301076,1909f56bfc062723c751e8b465ee728b)  -> (artifact id: 'bffda91bfb3882f97cf9c9d60fed02b3') in 0.058729 seconds
  Import took 0.064123 seconds .

========================================================================
Received Import Request.
  Time since last request: 2.162298 seconds.
  path: Assets/Prefabs/GroundTeste.prefab
  artifactKey: Guid(1731ae0548ad2ba458c572ab6df7b58c) Importer(815301076,1909f56bfc062723c751e8b465ee728b)
Start importing Assets/Prefabs/GroundTeste.prefab using Guid(1731ae0548ad2ba458c572ab6df7b58c) Importer(815301076,1909f56bfc062723c751e8b465ee728b)  -> (artifact id: '070301cc0d0cc63c04bc08d54c34de6f') in 0.062767 seconds
  Import took 0.067878 seconds .

========================================================================
Received Import Request.
  Time since last request: 7.636317 seconds.
  path: Assets/Prefabs/GroundTeste.prefab
  artifactKey: Guid(1731ae0548ad2ba458c572ab6df7b58c) Importer(815301076,1909f56bfc062723c751e8b465ee728b)
Start importing Assets/Prefabs/GroundTeste.prefab using Guid(1731ae0548ad2ba458c572ab6df7b58c) Importer(815301076,1909f56bfc062723c751e8b465ee728b)  -> (artifact id: '4538c6ced31400de7bca969cf45bdc06') in 0.092015 seconds
  Import took 0.103143 seconds .

========================================================================
Received Import Request.
  Time since last request: 19.269920 seconds.
  path: Assets/Prefabs/HurdleObstacle Variant.prefab
  artifactKey: Guid(9b3d4694cbb8dc2439fb07584921cf7f) Importer(815301076,1909f56bfc062723c751e8b465ee728b)
Start importing Assets/Prefabs/HurdleObstacle Variant.prefab using Guid(9b3d4694cbb8dc2439fb07584921cf7f) Importer(815301076,1909f56bfc062723c751e8b465ee728b)  -> (artifact id: 'cd031dc79357b9ba6c6a7d9bbaae59a5') in 0.059286 seconds
  Import took 0.067844 seconds .

========================================================================
Received Import Request.
  Time since last request: 74.916143 seconds.
  path: Assets/Prefabs/HurdleObstacle Variant.prefab
  artifactKey: Guid(9b3d4694cbb8dc2439fb07584921cf7f) Importer(815301076,1909f56bfc062723c751e8b465ee728b)
Start importing Assets/Prefabs/HurdleObstacle Variant.prefab using Guid(9b3d4694cbb8dc2439fb07584921cf7f) Importer(815301076,1909f56bfc062723c751e8b465ee728b)  -> (artifact id: 'acbe6f41233d0358d924269b7835e44f') in 0.067793 seconds
  Import took 0.078819 seconds .

========================================================================
Received Prepare
Registering precompiled user dll's ...
Registered in 0.001929 seconds.
Begin MonoManager ReloadAssembly
Native extension for WindowsStandalone target not found
Refreshing native plugins compatible for Editor in 0.61 ms, found 0 plugins.
Preloading 0 native plugins for Editor in 0.00 ms.
Invoked RoslynAnalysisRunner static constructor.
RoslynAnalysisRunner will not be running.
RoslynAnalysisRunner has terminated.
Mono: successfully reloaded assembly
- Completed reload, in  1.807 seconds
Platform modules already initialized, skipping
Refreshing native plugins compatible for Editor in 0.55 ms, found 0 plugins.
Preloading 0 native plugins for Editor in 0.00 ms.
Unloading 1119 Unused Serialized files (Serialized files now loaded: 0)
System memory in use before: 62.1 MB.
System memory in use after: 62.1 MB.

Unloading 5 unused Assets to reduce memory usage. Loaded Objects now: 1583.
Total: 2.831800 ms (FindLiveObjects: 0.258500 ms CreateObjectMapping: 0.101100 ms MarkObjects: 2.373300 ms  DeleteObjects: 0.097000 ms)

========================================================================
Received Import Request.
  Time since last request: 31.504264 seconds.
  path: Assets/Prefabs/HurdleObstacle Variant.prefab
  artifactKey: Guid(9b3d4694cbb8dc2439fb07584921cf7f) Importer(815301076,1909f56bfc062723c751e8b465ee728b)
Start importing Assets/Prefabs/HurdleObstacle Variant.prefab using Guid(9b3d4694cbb8dc2439fb07584921cf7f) Importer(815301076,1909f56bfc062723c751e8b465ee728b)  -> (artifact id: '645471c030a96f9f14c38d06b282184b') in 0.190915 seconds
  Import took 0.195698 seconds .

========================================================================
Received Import Request.
  Time since last request: 6.685023 seconds.
  path: Assets/Prefabs/GroundTeste.prefab
  artifactKey: Guid(1731ae0548ad2ba458c572ab6df7b58c) Importer(815301076,1909f56bfc062723c751e8b465ee728b)
Start importing Assets/Prefabs/GroundTeste.prefab using Guid(1731ae0548ad2ba458c572ab6df7b58c) Importer(815301076,1909f56bfc062723c751e8b465ee728b)  -> (artifact id: 'af6c270759f895a37b4e1a91f8d983f2') in 0.066296 seconds
  Import took 0.071808 seconds .

========================================================================
Received Prepare
Registering precompiled user dll's ...
Registered in 0.001354 seconds.
Begin MonoManager ReloadAssembly
Native extension for WindowsStandalone target not found
Refreshing native plugins compatible for Editor in 0.48 ms, found 0 plugins.
Preloading 0 native plugins for Editor in 0.00 ms.
Invoked RoslynAnalysisRunner static constructor.
RoslynAnalysisRunner will not be running.
RoslynAnalysisRunner has terminated.
Mono: successfully reloaded assembly
- Completed reload, in  1.873 seconds
Platform modules already initialized, skipping
Refreshing native plugins compatible for Editor in 0.30 ms, found 0 plugins.
Preloading 0 native plugins for Editor in 0.00 ms.
Unloading 1119 Unused Serialized files (Serialized files now loaded: 0)
System memory in use before: 62.1 MB.
System memory in use after: 62.2 MB.

Unloading 5 unused Assets to reduce memory usage. Loaded Objects now: 1587.
Total: 3.725400 ms (FindLiveObjects: 0.338500 ms CreateObjectMapping: 0.104500 ms MarkObjects: 3.188100 ms  DeleteObjects: 0.092100 ms)

========================================================================
Received Import Request.
  Time since last request: 55.906584 seconds.
  path: Assets/Prefabs/GroundTeste.prefab
  artifactKey: Guid(1731ae0548ad2ba458c572ab6df7b58c) Importer(815301076,1909f56bfc062723c751e8b465ee728b)
Start importing Assets/Prefabs/GroundTeste.prefab using Guid(1731ae0548ad2ba458c572ab6df7b58c) Importer(815301076,1909f56bfc062723c751e8b465ee728b)  -> (artifact id: '2aaec22e8cd19b15311ea107a679fd1f') in 0.165060 seconds
  Import took 0.172225 seconds .

========================================================================
Received Prepare
Registering precompiled user dll's ...
Registered in 0.001361 seconds.
Begin MonoManager ReloadAssembly
Native extension for WindowsStandalone target not found
Refreshing native plugins compatible for Editor in 0.32 ms, found 0 plugins.
Preloading 0 native plugins for Editor in 0.00 ms.
Invoked RoslynAnalysisRunner static constructor.
RoslynAnalysisRunner will not be running.
RoslynAnalysisRunner has terminated.
Mono: successfully reloaded assembly
- Completed reload, in  1.929 seconds
Platform modules already initialized, skipping
Refreshing native plugins compatible for Editor in 0.48 ms, found 0 plugins.
Preloading 0 native plugins for Editor in 0.00 ms.
Unloading 1119 Unused Serialized files (Serialized files now loaded: 0)
System memory in use before: 62.1 MB.
System memory in use after: 62.2 MB.

Unloading 5 unused Assets to reduce memory usage. Loaded Objects now: 1591.
Total: 10.263400 ms (FindLiveObjects: 0.370700 ms CreateObjectMapping: 0.142300 ms MarkObjects: 9.588400 ms  DeleteObjects: 0.157700 ms)

========================================================================
Received Import Request.
  Time since last request: 39.451298 seconds.
  path: Assets/Prefabs/GroundTeste.prefab
  artifactKey: Guid(1731ae0548ad2ba458c572ab6df7b58c) Importer(815301076,1909f56bfc062723c751e8b465ee728b)
Start importing Assets/Prefabs/GroundTeste.prefab using Guid(1731ae0548ad2ba458c572ab6df7b58c) Importer(815301076,1909f56bfc062723c751e8b465ee728b)  -> (artifact id: '5e88aa90dd773fd00d4226097f131521') in 0.203114 seconds
  Import took 0.208190 seconds .

========================================================================
Received Import Request.
  Time since last request: 3.353850 seconds.
  path: Assets/Prefabs/GroundTeste.prefab
  artifactKey: Guid(1731ae0548ad2ba458c572ab6df7b58c) Importer(815301076,1909f56bfc062723c751e8b465ee728b)
Start importing Assets/Prefabs/GroundTeste.prefab using Guid(1731ae0548ad2ba458c572ab6df7b58c) Importer(815301076,1909f56bfc062723c751e8b465ee728b)  -> (artifact id: 'de3f785b9eec49ca07f9ad067febb08b') in 0.090981 seconds
  Import took 0.099223 seconds .

========================================================================
Received Import Request.
  Time since last request: 23.469648 seconds.
  path: Assets/Prefabs/GroundTeste.prefab
  artifactKey: Guid(1731ae0548ad2ba458c572ab6df7b58c) Importer(815301076,1909f56bfc062723c751e8b465ee728b)
Start importing Assets/Prefabs/GroundTeste.prefab using Guid(1731ae0548ad2ba458c572ab6df7b58c) Importer(815301076,1909f56bfc062723c751e8b465ee728b)  -> (artifact id: '43fa27e37e1adb5b0aff7f0938d4ff52') in 0.075099 seconds
  Import took 0.081562 seconds .

========================================================================
Received Import Request.
  Time since last request: 8.271267 seconds.
  path: Assets/Prefabs/GroundTeste.prefab
  artifactKey: Guid(1731ae0548ad2ba458c572ab6df7b58c) Importer(815301076,1909f56bfc062723c751e8b465ee728b)
Start importing Assets/Prefabs/GroundTeste.prefab using Guid(1731ae0548ad2ba458c572ab6df7b58c) Importer(815301076,1909f56bfc062723c751e8b465ee728b)  -> (artifact id: '857bddbab11a192d94008c4384ccbc88') in 0.049300 seconds
  Import took 0.058351 seconds .

========================================================================
Received Import Request.
  Time since last request: 4.056446 seconds.
  path: Assets/Prefabs/GroundTeste.prefab
  artifactKey: Guid(1731ae0548ad2ba458c572ab6df7b58c) Importer(815301076,1909f56bfc062723c751e8b465ee728b)
Start importing Assets/Prefabs/GroundTeste.prefab using Guid(1731ae0548ad2ba458c572ab6df7b58c) Importer(815301076,1909f56bfc062723c751e8b465ee728b)  -> (artifact id: '2a5c1f9decb71b0a1df8d89ec326b287') in 0.068049 seconds
  Import took 0.077683 seconds .

========================================================================
Received Import Request.
  Time since last request: 5.646701 seconds.
  path: Assets/Prefabs/GroundTeste.prefab
  artifactKey: Guid(1731ae0548ad2ba458c572ab6df7b58c) Importer(815301076,1909f56bfc062723c751e8b465ee728b)
Start importing Assets/Prefabs/GroundTeste.prefab using Guid(1731ae0548ad2ba458c572ab6df7b58c) Importer(815301076,1909f56bfc062723c751e8b465ee728b)  -> (artifact id: 'a13da89e0d0a682cb87d086f7f395001') in 0.046836 seconds
  Import took 0.053023 seconds .

========================================================================
Received Prepare
Registering precompiled user dll's ...
Registered in 0.007690 seconds.
Begin MonoManager ReloadAssembly
Native extension for WindowsStandalone target not found
Refreshing native plugins compatible for Editor in 0.85 ms, found 0 plugins.
Preloading 0 native plugins for Editor in 0.00 ms.
Invoked RoslynAnalysisRunner static constructor.
RoslynAnalysisRunner will not be running.
RoslynAnalysisRunner has terminated.
Mono: successfully reloaded assembly
- Completed reload, in 11.406 seconds
Platform modules already initialized, skipping
Refreshing native plugins compatible for Editor in 2.29 ms, found 0 plugins.
Preloading 0 native plugins for Editor in 0.00 ms.
Unloading 1119 Unused Serialized files (Serialized files now loaded: 0)
System memory in use before: 62.1 MB.
System memory in use after: 62.2 MB.

Unloading 5 unused Assets to reduce memory usage. Loaded Objects now: 1595.
Total: 10.063000 ms (FindLiveObjects: 0.313400 ms CreateObjectMapping: 0.217400 ms MarkObjects: 9.210800 ms  DeleteObjects: 0.314100 ms)

========================================================================
Received Import Request.
  Time since last request: 38.344221 seconds.
  path: Assets/Prefabs/GroundTeste.prefab
  artifactKey: Guid(1731ae0548ad2ba458c572ab6df7b58c) Importer(815301076,1909f56bfc062723c751e8b465ee728b)
Start importing Assets/Prefabs/GroundTeste.prefab using Guid(1731ae0548ad2ba458c572ab6df7b58c) Importer(815301076,1909f56bfc062723c751e8b465ee728b)  -> (artifact id: '87eb2c5a9d2f3d36ff5b4f2021259d89') in 0.179201 seconds
  Import took 0.186871 seconds .

========================================================================
Received Import Request.
  Time since last request: 14.751858 seconds.
  path: Assets/Prefabs/GroundTeste.prefab
  artifactKey: Guid(1731ae0548ad2ba458c572ab6df7b58c) Importer(815301076,1909f56bfc062723c751e8b465ee728b)
Start importing Assets/Prefabs/GroundTeste.prefab using Guid(1731ae0548ad2ba458c572ab6df7b58c) Importer(815301076,1909f56bfc062723c751e8b465ee728b)  -> (artifact id: 'a6f5eba4ad8f75e8c954bcee4f078990') in 0.094510 seconds
  Import took 0.102325 seconds .

========================================================================
Received Import Request.
  Time since last request: 11.249952 seconds.
  path: Assets/Prefabs/GroundTeste.prefab
  artifactKey: Guid(1731ae0548ad2ba458c572ab6df7b58c) Importer(815301076,1909f56bfc062723c751e8b465ee728b)
Start importing Assets/Prefabs/GroundTeste.prefab using Guid(1731ae0548ad2ba458c572ab6df7b58c) Importer(815301076,1909f56bfc062723c751e8b465ee728b)  -> (artifact id: '75e2497209b8bfd42525fbf2c8cfcba5') in 0.054939 seconds
  Import took 0.070766 seconds .

========================================================================
Received Import Request.
  Time since last request: 4.786920 seconds.
  path: Assets/Prefabs/GroundTeste.prefab
  artifactKey: Guid(1731ae0548ad2ba458c572ab6df7b58c) Importer(815301076,1909f56bfc062723c751e8b465ee728b)
Start importing Assets/Prefabs/GroundTeste.prefab using Guid(1731ae0548ad2ba458c572ab6df7b58c) Importer(815301076,1909f56bfc062723c751e8b465ee728b)  -> (artifact id: '4c07306976e8498b90810bc98ffe0d45') in 0.067994 seconds
  Import took 0.079240 seconds .

========================================================================
Received Import Request.
  Time since last request: 3.786631 seconds.
  path: Assets/Prefabs/GroundTeste.prefab
  artifactKey: Guid(1731ae0548ad2ba458c572ab6df7b58c) Importer(815301076,1909f56bfc062723c751e8b465ee728b)
Start importing Assets/Prefabs/GroundTeste.prefab using Guid(1731ae0548ad2ba458c572ab6df7b58c) Importer(815301076,1909f56bfc062723c751e8b465ee728b)  -> (artifact id: 'c157231b76d7a6b7617f346424dae317') in 0.057234 seconds
  Import took 0.061819 seconds .

========================================================================
Received Import Request.
  Time since last request: 20.774790 seconds.
  path: Assets/Prefabs/GroundTeste.prefab
  artifactKey: Guid(1731ae0548ad2ba458c572ab6df7b58c) Importer(815301076,1909f56bfc062723c751e8b465ee728b)
Start importing Assets/Prefabs/GroundTeste.prefab using Guid(1731ae0548ad2ba458c572ab6df7b58c) Importer(815301076,1909f56bfc062723c751e8b465ee728b)  -> (artifact id: 'b38fd2a718d8ada936ea7fb2de673e58') in 0.073659 seconds
  Import took 0.084352 seconds .

========================================================================
Received Import Request.
  Time since last request: 16.315072 seconds.
  path: Assets/Prefabs/GroundTeste.prefab
  artifactKey: Guid(1731ae0548ad2ba458c572ab6df7b58c) Importer(815301076,1909f56bfc062723c751e8b465ee728b)
Start importing Assets/Prefabs/GroundTeste.prefab using Guid(1731ae0548ad2ba458c572ab6df7b58c) Importer(815301076,1909f56bfc062723c751e8b465ee728b)  -> (artifact id: 'b5c53b9b4d8167b763588747795a44fe') in 0.080730 seconds
  Import took 0.087147 seconds .

========================================================================
Received Import Request.
  Time since last request: 10.294366 seconds.
  path: Assets/Prefabs/GroundTeste.prefab
  artifactKey: Guid(1731ae0548ad2ba458c572ab6df7b58c) Importer(815301076,1909f56bfc062723c751e8b465ee728b)
Start importing Assets/Prefabs/GroundTeste.prefab using Guid(1731ae0548ad2ba458c572ab6df7b58c) Importer(815301076,1909f56bfc062723c751e8b465ee728b)  -> (artifact id: '01359657c2ab406927c68a123225eedc') in 0.070977 seconds
  Import took 0.078314 seconds .

========================================================================
Received Import Request.
  Time since last request: 3.305776 seconds.
  path: Assets/Prefabs/GroundTeste.prefab
  artifactKey: Guid(1731ae0548ad2ba458c572ab6df7b58c) Importer(815301076,1909f56bfc062723c751e8b465ee728b)
Start importing Assets/Prefabs/GroundTeste.prefab using Guid(1731ae0548ad2ba458c572ab6df7b58c) Importer(815301076,1909f56bfc062723c751e8b465ee728b)  -> (artifact id: '9e48517b142f142be2968a4a6c502bbc') in 0.072436 seconds
  Import took 0.078748 seconds .

========================================================================
Received Import Request.
  Time since last request: 7.264018 seconds.
  path: Assets/Prefabs/GroundTeste.prefab
  artifactKey: Guid(1731ae0548ad2ba458c572ab6df7b58c) Importer(815301076,1909f56bfc062723c751e8b465ee728b)
Start importing Assets/Prefabs/GroundTeste.prefab using Guid(1731ae0548ad2ba458c572ab6df7b58c) Importer(815301076,1909f56bfc062723c751e8b465ee728b)  -> (artifact id: '4ce77d454dd5b2bf2d6f5a9978650f64') in 0.093030 seconds
  Import took 0.101937 seconds .

========================================================================
Received Import Request.
  Time since last request: 8.629836 seconds.
  path: Assets/Prefabs/GroundTeste.prefab
  artifactKey: Guid(1731ae0548ad2ba458c572ab6df7b58c) Importer(815301076,1909f56bfc062723c751e8b465ee728b)
Start importing Assets/Prefabs/GroundTeste.prefab using Guid(1731ae0548ad2ba458c572ab6df7b58c) Importer(815301076,1909f56bfc062723c751e8b465ee728b)  -> (artifact id: '8e26fd5837017a6e3aad5f05de9de314') in 0.047996 seconds
  Import took 0.053068 seconds .

========================================================================
Received Import Request.
  Time since last request: 2.970994 seconds.
  path: Assets/Prefabs/GroundTeste.prefab
  artifactKey: Guid(1731ae0548ad2ba458c572ab6df7b58c) Importer(815301076,1909f56bfc062723c751e8b465ee728b)
Start importing Assets/Prefabs/GroundTeste.prefab using Guid(1731ae0548ad2ba458c572ab6df7b58c) Importer(815301076,1909f56bfc062723c751e8b465ee728b)  -> (artifact id: '79762e5203ff9a9b02e7b1160af15919') in 0.052053 seconds
  Import took 0.059692 seconds .

========================================================================
Received Prepare
Registering precompiled user dll's ...
Registered in 0.001762 seconds.
Begin MonoManager ReloadAssembly
Native extension for WindowsStandalone target not found
Refreshing native plugins compatible for Editor in 0.33 ms, found 0 plugins.
Preloading 0 native plugins for Editor in 0.00 ms.
Invoked RoslynAnalysisRunner static constructor.
RoslynAnalysisRunner will not be running.
RoslynAnalysisRunner has terminated.
Mono: successfully reloaded assembly
- Completed reload, in  2.012 seconds
Platform modules already initialized, skipping
Refreshing native plugins compatible for Editor in 0.33 ms, found 0 plugins.
Preloading 0 native plugins for Editor in 0.00 ms.
Unloading 1119 Unused Serialized files (Serialized files now loaded: 0)
System memory in use before: 62.2 MB.
System memory in use after: 62.2 MB.

Unloading 5 unused Assets to reduce memory usage. Loaded Objects now: 1599.
Total: 5.966800 ms (FindLiveObjects: 0.649800 ms CreateObjectMapping: 0.560900 ms MarkObjects: 4.669000 ms  DeleteObjects: 0.084500 ms)

========================================================================
Received Import Request.
  Time since last request: 29.203663 seconds.
  path: Assets/Prefabs/GroundTeste.prefab
  artifactKey: Guid(1731ae0548ad2ba458c572ab6df7b58c) Importer(815301076,1909f56bfc062723c751e8b465ee728b)
Start importing Assets/Prefabs/GroundTeste.prefab using Guid(1731ae0548ad2ba458c572ab6df7b58c) Importer(815301076,1909f56bfc062723c751e8b465ee728b)  -> (artifact id: '297495eea1c086147dc12e0476e9a21e') in 0.138885 seconds
  Import took 0.144302 seconds .

========================================================================
Received Prepare
Registering precompiled user dll's ...
Registered in 0.001302 seconds.
Begin MonoManager ReloadAssembly
Native extension for WindowsStandalone target not found
Refreshing native plugins compatible for Editor in 0.32 ms, found 0 plugins.
Preloading 0 native plugins for Editor in 0.00 ms.
Invoked RoslynAnalysisRunner static constructor.
RoslynAnalysisRunner will not be running.
RoslynAnalysisRunner has terminated.
Mono: successfully reloaded assembly
- Completed reload, in  1.869 seconds
Platform modules already initialized, skipping
Refreshing native plugins compatible for Editor in 0.55 ms, found 0 plugins.
Preloading 0 native plugins for Editor in 0.00 ms.
Unloading 1119 Unused Serialized files (Serialized files now loaded: 0)
System memory in use before: 62.2 MB.
System memory in use after: 62.2 MB.

Unloading 5 unused Assets to reduce memory usage. Loaded Objects now: 1603.
Total: 5.550800 ms (FindLiveObjects: 0.286300 ms CreateObjectMapping: 0.117600 ms MarkObjects: 4.961000 ms  DeleteObjects: 0.183000 ms)

========================================================================
Received Prepare
Registering precompiled user dll's ...
Registered in 0.001250 seconds.
Begin MonoManager ReloadAssembly
Native extension for WindowsStandalone target not found
Refreshing native plugins compatible for Editor in 0.31 ms, found 0 plugins.
Preloading 0 native plugins for Editor in 0.00 ms.
Invoked RoslynAnalysisRunner static constructor.
RoslynAnalysisRunner will not be running.
RoslynAnalysisRunner has terminated.
Mono: successfully reloaded assembly
- Completed reload, in  1.950 seconds
Platform modules already initialized, skipping
Refreshing native plugins compatible for Editor in 0.34 ms, found 0 plugins.
Preloading 0 native plugins for Editor in 0.00 ms.
Unloading 1119 Unused Serialized files (Serialized files now loaded: 0)
System memory in use before: 62.2 MB.
System memory in use after: 62.2 MB.

Unloading 5 unused Assets to reduce memory usage. Loaded Objects now: 1606.
Total: 3.236500 ms (FindLiveObjects: 0.309600 ms CreateObjectMapping: 0.090300 ms MarkObjects: 2.726900 ms  DeleteObjects: 0.107600 ms)

========================================================================
Received Import Request.
  Time since last request: 327.656316 seconds.
  path: Assets/Materials/WheyProtein_Mat.mat
  artifactKey: Guid(1efef4197756a6a428ee2ac641569d1a) Importer(815301076,1909f56bfc062723c751e8b465ee728b)
Start importing Assets/Materials/WheyProtein_Mat.mat using Guid(1efef4197756a6a428ee2ac641569d1a) Importer(815301076,1909f56bfc062723c751e8b465ee728b)  -> (artifact id: 'd74d7fbdab49a62993e71642e05601eb') in 0.621622 seconds
  Import took 0.630789 seconds .

========================================================================
Received Import Request.
  Time since last request: 29.284727 seconds.
  path: Assets/Materials/wheyCoin.png
  artifactKey: Guid(b718befdc75c4d240a54939b3d06f508) Importer(815301076,1909f56bfc062723c751e8b465ee728b)
Start importing Assets/Materials/wheyCoin.png using Guid(b718befdc75c4d240a54939b3d06f508) Importer(815301076,1909f56bfc062723c751e8b465ee728b)  -> (artifact id: 'bd077bf85722631d6fa134a69644023d') in 0.159109 seconds
  Import took 0.165455 seconds .

========================================================================
Received Import Request.
  Time since last request: 280.130249 seconds.
  path: Assets/Materials/Materials
  artifactKey: Guid(465dd84e6b2593546b59fb56db4b4974) Importer(815301076,1909f56bfc062723c751e8b465ee728b)
Start importing Assets/Materials/Materials using Guid(465dd84e6b2593546b59fb56db4b4974) Importer(815301076,1909f56bfc062723c751e8b465ee728b)  -> (artifact id: '2ede28b8a86150f58051737e982f361d') in 0.026795 seconds
  Import took 0.030572 seconds .

========================================================================
Received Import Request.
  Time since last request: 0.023462 seconds.
  path: Assets/Materials/Materials/wheyCoin.mat
  artifactKey: Guid(f645259e47b99f54abbabaf160d87ce4) Importer(815301076,1909f56bfc062723c751e8b465ee728b)
Start importing Assets/Materials/Materials/wheyCoin.mat using Guid(f645259e47b99f54abbabaf160d87ce4) Importer(815301076,1909f56bfc062723c751e8b465ee728b)  -> (artifact id: 'c16c63f6e9fd8c0235d09ed62a88cd37') in 0.044289 seconds
  Import took 0.047854 seconds .

========================================================================
Received Import Request.
  Time since last request: 59.284948 seconds.
  path: Assets/Materials/wheyCoin.png
  artifactKey: Guid(b718befdc75c4d240a54939b3d06f508) Importer(815301076,1909f56bfc062723c751e8b465ee728b)
Start importing Assets/Materials/wheyCoin.png using Guid(b718befdc75c4d240a54939b3d06f508) Importer(815301076,1909f56bfc062723c751e8b465ee728b)  -> (artifact id: '45192953156aa8484b559e1b40c91810') in 0.041508 seconds
  Import took 0.055647 seconds .

========================================================================
Received Import Request.
  Time since last request: 5.065757 seconds.
  path: Assets/Materials/wheyCoin 1.png
  artifactKey: Guid(8b2476d8ac4c3a048b506a55dfce09e8) Importer(815301076,1909f56bfc062723c751e8b465ee728b)
Start importing Assets/Materials/wheyCoin 1.png using Guid(8b2476d8ac4c3a048b506a55dfce09e8) Importer(815301076,1909f56bfc062723c751e8b465ee728b)  -> (artifact id: 'ae6edebed6b21b613d2a17b0b3fadc21') in 0.045537 seconds
  Import took 0.052097 seconds .

========================================================================
Received Import Request.
  Time since last request: 112.825999 seconds.
  path: Assets/Materials/on-whey-gold-standard-baunilha5lbs.png
  artifactKey: Guid(cab48d081382b404bac5aa767f71e443) Importer(815301076,1909f56bfc062723c751e8b465ee728b)
Start importing Assets/Materials/on-whey-gold-standard-baunilha5lbs.png using Guid(cab48d081382b404bac5aa767f71e443) Importer(815301076,1909f56bfc062723c751e8b465ee728b)  -> (artifact id: 'fdb4ebe0a7cae67ad0fe5a48d9404ce2') in 0.057635 seconds
  Import took 0.062535 seconds .

========================================================================
Received Import Request.
  Time since last request: 9.812923 seconds.
  path: Assets/Materials/on-whey-gold-standard-baunilha5lbs 1.png
  artifactKey: Guid(6d0c1e9e5eb7a9b499f1d2514224992d) Importer(815301076,1909f56bfc062723c751e8b465ee728b)
Start importing Assets/Materials/on-whey-gold-standard-baunilha5lbs 1.png using Guid(6d0c1e9e5eb7a9b499f1d2514224992d) Importer(815301076,1909f56bfc062723c751e8b465ee728b)  -> (artifact id: '66c96450ed2dae086e106b7f7029d15d') in 0.056093 seconds
  Import took 0.060098 seconds .

========================================================================
Received Import Request.
  Time since last request: 126.733407 seconds.
  path: Assets/Materials/on-whey-gold-standard-baunilha5lbs.png
  artifactKey: Guid(cab48d081382b404bac5aa767f71e443) Importer(815301076,1909f56bfc062723c751e8b465ee728b)
Start importing Assets/Materials/on-whey-gold-standard-baunilha5lbs.png using Guid(cab48d081382b404bac5aa767f71e443) Importer(815301076,1909f56bfc062723c751e8b465ee728b)  -> (artifact id: 'a897932497e24d8bf864af68edaa0058') in 0.036371 seconds
  Import took 0.042366 seconds .

========================================================================
Received Import Request.
  Time since last request: 0.008806 seconds.
  path: Assets/Materials/on-whey-gold-standard-baunilha5lbs.png
  artifactKey: Guid(cab48d081382b404bac5aa767f71e443) Importer(815301076,1909f56bfc062723c751e8b465ee728b)
Start importing Assets/Materials/on-whey-gold-standard-baunilha5lbs.png using Guid(cab48d081382b404bac5aa767f71e443) Importer(815301076,1909f56bfc062723c751e8b465ee728b)  -> (artifact id: 'a897932497e24d8bf864af68edaa0058') in 0.033072 seconds
  Import took 0.041118 seconds .

========================================================================
Received Import Request.
  Time since last request: 64.004565 seconds.
  path: Assets/Materials/on-whey-gold-standard-baunilha5lbs.png
  artifactKey: Guid(cab48d081382b404bac5aa767f71e443) Importer(815301076,1909f56bfc062723c751e8b465ee728b)
Start importing Assets/Materials/on-whey-gold-standard-baunilha5lbs.png using Guid(cab48d081382b404bac5aa767f71e443) Importer(815301076,1909f56bfc062723c751e8b465ee728b)  -> (artifact id: '7fe570de2840479e13f99f30ae14dfd5') in 0.033746 seconds
  Import took 0.043505 seconds .

========================================================================
Received Import Request.
  Time since last request: 193.190511 seconds.
  path: Assets/Scripts/WheyProtein.cs
  artifactKey: Guid(5c90b493191f59348b375131acf1b3dc) Importer(815301076,1909f56bfc062723c751e8b465ee728b)
Start importing Assets/Scripts/WheyProtein.cs using Guid(5c90b493191f59348b375131acf1b3dc) Importer(815301076,1909f56bfc062723c751e8b465ee728b)  -> (artifact id: '581db6ddab390a022a5370e8696e2533') in 0.061201 seconds
  Import took 0.066868 seconds .

========================================================================
Received Prepare
Registering precompiled user dll's ...
Registered in 0.001681 seconds.
Begin MonoManager ReloadAssembly
Native extension for WindowsStandalone target not found
Refreshing native plugins compatible for Editor in 0.32 ms, found 0 plugins.
Preloading 0 native plugins for Editor in 0.00 ms.
Invoked RoslynAnalysisRunner static constructor.
RoslynAnalysisRunner will not be running.
RoslynAnalysisRunner has terminated.
Mono: successfully reloaded assembly
- Completed reload, in  2.444 seconds
Platform modules already initialized, skipping
Refreshing native plugins compatible for Editor in 0.29 ms, found 0 plugins.
Preloading 0 native plugins for Editor in 0.00 ms.
Unloading 1120 Unused Serialized files (Serialized files now loaded: 0)
System memory in use before: 62.4 MB.
System memory in use after: 62.5 MB.

Unloading 5 unused Assets to reduce memory usage. Loaded Objects now: 1646.
Total: 4.071500 ms (FindLiveObjects: 0.314800 ms CreateObjectMapping: 0.106700 ms MarkObjects: 3.555600 ms  DeleteObjects: 0.091800 ms)

AssetImportWorkerClient::OnTransportError - code=2 error=End of file
